{"/home/travis/build/npmtest/node-npmtest-react-dropzone/test.js":{"path":"/home/travis/build/npmtest/node-npmtest-react-dropzone/test.js","s":{"1":2,"2":2,"3":2,"4":2,"5":2,"6":2,"7":2,"8":1,"9":2,"10":2,"11":1,"12":1,"13":1,"14":1,"15":2,"16":2,"17":2,"18":2,"19":1,"20":1,"21":2,"22":2,"23":2,"24":1,"25":1,"26":1,"27":1,"28":1,"29":1,"30":1,"31":1,"32":1,"33":1,"34":1,"35":1,"36":1,"37":1,"38":1,"39":2,"40":2,"41":1,"42":2,"43":2,"44":1,"45":2,"46":2,"47":1,"48":2,"49":2,"50":1,"51":1,"52":1,"53":1,"54":1},"b":{"1":[2,1,1,1],"2":[1,1,1,1],"3":[1,1],"4":[1,1],"5":[1,1],"6":[1,1],"7":[1,1],"8":[1,1],"9":[1,1],"10":[1,1,1],"11":[1,1],"12":[1,1],"13":[1,1],"14":[1,1],"15":[1,1],"16":[1,1],"17":[1,1]},"f":{"1":2,"2":2,"3":2,"4":2,"5":2,"6":1,"7":1,"8":1,"9":2,"10":2,"11":2,"12":2,"13":1},"fnMap":{"1":{"name":"(anonymous_1)","line":12,"loc":{"start":{"line":12,"column":1},"end":{"line":12,"column":13}}},"2":{"name":"(anonymous_2)","line":19,"loc":{"start":{"line":19,"column":5},"end":{"line":19,"column":17}}},"3":{"name":"(anonymous_3)","line":23,"loc":{"start":{"line":23,"column":24},"end":{"line":23,"column":36}}},"4":{"name":"(anonymous_4)","line":61,"loc":{"start":{"line":61,"column":5},"end":{"line":61,"column":17}}},"5":{"name":"(anonymous_5)","line":82,"loc":{"start":{"line":82,"column":5},"end":{"line":82,"column":17}}},"6":{"name":"(anonymous_6)","line":91,"loc":{"start":{"line":91,"column":77},"end":{"line":94,"column":10}}},"7":{"name":"(anonymous_7)","line":112,"loc":{"start":{"line":112,"column":83},"end":{"line":115,"column":10}},"skip":true},"8":{"name":"(anonymous_8)","line":123,"loc":{"start":{"line":123,"column":77},"end":{"line":126,"column":10}},"skip":true},"9":{"name":"(anonymous_9)","line":139,"loc":{"start":{"line":139,"column":12},"end":{"line":139,"column":40}},"skip":true},"10":{"name":"(anonymous_10)","line":147,"loc":{"start":{"line":147,"column":77},"end":{"line":150,"column":10}},"skip":true},"11":{"name":"(anonymous_11)","line":158,"loc":{"start":{"line":158,"column":83},"end":{"line":161,"column":10}},"skip":true},"12":{"name":"(anonymous_12)","line":169,"loc":{"start":{"line":169,"column":79},"end":{"line":172,"column":10}},"skip":true},"13":{"name":"(anonymous_13)","line":180,"loc":{"start":{"line":180,"column":75},"end":{"line":183,"column":10}},"skip":true}},"statementMap":{"1":{"start":{"line":12,"column":0},"end":{"line":195,"column":5}},"2":{"start":{"line":14,"column":4},"end":{"line":14,"column":14}},"3":{"start":{"line":19,"column":4},"end":{"line":56,"column":9}},"4":{"start":{"line":21,"column":8},"end":{"line":21,"column":19}},"5":{"start":{"line":23,"column":8},"end":{"line":35,"column":13}},"6":{"start":{"line":24,"column":12},"end":{"line":34,"column":13}},"7":{"start":{"line":25,"column":16},"end":{"line":28,"column":30}},"8":{"start":{"line":30,"column":16},"end":{"line":33,"column":27}},"9":{"start":{"line":37,"column":8},"end":{"line":39,"column":21}},"10":{"start":{"line":40,"column":8},"end":{"line":53,"column":9}},"11":{"start":{"line":43,"column":12},"end":{"line":46,"column":14}},"12":{"start":{"line":47,"column":12},"end":{"line":47,"column":18}},"13":{"start":{"line":50,"column":12},"end":{"line":51,"column":33}},"14":{"start":{"line":52,"column":12},"end":{"line":52,"column":18}},"15":{"start":{"line":55,"column":8},"end":{"line":55,"column":35}},"16":{"start":{"line":61,"column":4},"end":{"line":63,"column":9}},"17":{"start":{"line":62,"column":8},"end":{"line":62,"column":15}},"18":{"start":{"line":64,"column":4},"end":{"line":77,"column":5}},"19":{"start":{"line":70,"column":8},"end":{"line":70,"column":14}},"20":{"start":{"line":76,"column":8},"end":{"line":76,"column":14}},"21":{"start":{"line":82,"column":4},"end":{"line":84,"column":9}},"22":{"start":{"line":83,"column":8},"end":{"line":83,"column":15}},"23":{"start":{"line":85,"column":4},"end":{"line":194,"column":5}},"24":{"start":{"line":91,"column":8},"end":{"line":99,"column":10}},"25":{"start":{"line":98,"column":12},"end":{"line":98,"column":35}},"26":{"start":{"line":102,"column":8},"end":{"line":104,"column":63}},"27":{"start":{"line":105,"column":8},"end":{"line":105,"column":14}},"28":{"start":{"line":112,"column":8},"end":{"line":121,"column":10},"skip":true},"29":{"start":{"line":119,"column":12},"end":{"line":119,"column":55},"skip":true},"30":{"start":{"line":120,"column":12},"end":{"line":120,"column":48},"skip":true},"31":{"start":{"line":123,"column":8},"end":{"line":136,"column":10},"skip":true},"32":{"start":{"line":130,"column":12},"end":{"line":130,"column":76},"skip":true},"33":{"start":{"line":131,"column":12},"end":{"line":131,"column":73},"skip":true},"34":{"start":{"line":132,"column":12},"end":{"line":132,"column":74},"skip":true},"35":{"start":{"line":133,"column":12},"end":{"line":133,"column":79},"skip":true},"36":{"start":{"line":134,"column":12},"end":{"line":134,"column":25},"skip":true},"37":{"start":{"line":135,"column":12},"end":{"line":135,"column":45},"skip":true},"38":{"start":{"line":138,"column":8},"end":{"line":145,"column":14},"skip":true},"39":{"start":{"line":143,"column":16},"end":{"line":143,"column":29},"skip":true},"40":{"start":{"line":144,"column":16},"end":{"line":144,"column":55},"skip":true},"41":{"start":{"line":147,"column":8},"end":{"line":156,"column":10},"skip":true},"42":{"start":{"line":154,"column":12},"end":{"line":154,"column":25},"skip":true},"43":{"start":{"line":155,"column":12},"end":{"line":155,"column":45},"skip":true},"44":{"start":{"line":158,"column":8},"end":{"line":167,"column":10},"skip":true},"45":{"start":{"line":165,"column":12},"end":{"line":165,"column":25},"skip":true},"46":{"start":{"line":166,"column":12},"end":{"line":166,"column":48},"skip":true},"47":{"start":{"line":169,"column":8},"end":{"line":178,"column":10},"skip":true},"48":{"start":{"line":176,"column":12},"end":{"line":176,"column":25},"skip":true},"49":{"start":{"line":177,"column":12},"end":{"line":177,"column":46},"skip":true},"50":{"start":{"line":180,"column":8},"end":{"line":189,"column":10},"skip":true},"51":{"start":{"line":187,"column":12},"end":{"line":187,"column":94},"skip":true},"52":{"start":{"line":188,"column":12},"end":{"line":188,"column":48},"skip":true},"53":{"start":{"line":192,"column":8},"end":{"line":192,"column":35},"skip":true},"54":{"start":{"line":193,"column":8},"end":{"line":193,"column":14},"skip":true}},"branchMap":{"1":{"line":25,"type":"binary-expr","locations":[{"start":{"line":25,"column":23},"end":{"line":25,"column":62}},{"start":{"line":26,"column":20},"end":{"line":26,"column":70}},{"start":{"line":27,"column":20},"end":{"line":27,"column":71}},{"start":{"line":28,"column":20},"end":{"line":28,"column":29}}]},"2":{"line":30,"type":"binary-expr","locations":[{"start":{"line":30,"column":23},"end":{"line":30,"column":37}},{"start":{"line":31,"column":20},"end":{"line":31,"column":61}},{"start":{"line":32,"column":20},"end":{"line":32,"column":70}},{"start":{"line":33,"column":20},"end":{"line":33,"column":26}}]},"3":{"line":37,"type":"cond-expr","locations":[{"start":{"line":38,"column":14},"end":{"line":38,"column":20}},{"start":{"line":39,"column":14},"end":{"line":39,"column":20}}]},"4":{"line":40,"type":"switch","locations":[{"start":{"line":42,"column":8},"end":{"line":47,"column":18}},{"start":{"line":49,"column":8},"end":{"line":52,"column":18}}]},"5":{"line":44,"type":"binary-expr","locations":[{"start":{"line":44,"column":16},"end":{"line":44,"column":44}},{"start":{"line":44,"column":48},"end":{"line":44,"column":66}}]},"6":{"line":50,"type":"binary-expr","locations":[{"start":{"line":50,"column":21},"end":{"line":50,"column":49}},{"start":{"line":50,"column":53},"end":{"line":50,"column":72}}]},"7":{"line":64,"type":"switch","locations":[{"start":{"line":69,"column":4},"end":{"line":70,"column":14}},{"start":{"line":75,"column":4},"end":{"line":76,"column":14}}]},"8":{"line":85,"type":"switch","locations":[{"start":{"line":90,"column":4},"end":{"line":105,"column":14}},{"start":{"line":111,"column":4},"end":{"line":193,"column":14},"skip":true}]},"9":{"line":91,"type":"binary-expr","locations":[{"start":{"line":91,"column":42},"end":{"line":91,"column":73}},{"start":{"line":91,"column":77},"end":{"line":99,"column":9}}]},"10":{"line":102,"type":"binary-expr","locations":[{"start":{"line":102,"column":18},"end":{"line":102,"column":32}},{"start":{"line":103,"column":12},"end":{"line":103,"column":53}},{"start":{"line":104,"column":12},"end":{"line":104,"column":61}}]},"11":{"line":112,"type":"binary-expr","locations":[{"start":{"line":112,"column":45},"end":{"line":112,"column":79},"skip":true},{"start":{"line":112,"column":83},"end":{"line":121,"column":9},"skip":true}]},"12":{"line":123,"type":"binary-expr","locations":[{"start":{"line":123,"column":42},"end":{"line":123,"column":73},"skip":true},{"start":{"line":123,"column":77},"end":{"line":136,"column":9},"skip":true}]},"13":{"line":138,"type":"binary-expr","locations":[{"start":{"line":138,"column":48},"end":{"line":138,"column":85},"skip":true},{"start":{"line":139,"column":12},"end":{"line":145,"column":13},"skip":true}]},"14":{"line":147,"type":"binary-expr","locations":[{"start":{"line":147,"column":42},"end":{"line":147,"column":73},"skip":true},{"start":{"line":147,"column":77},"end":{"line":156,"column":9},"skip":true}]},"15":{"line":158,"type":"binary-expr","locations":[{"start":{"line":158,"column":45},"end":{"line":158,"column":79},"skip":true},{"start":{"line":158,"column":83},"end":{"line":167,"column":9},"skip":true}]},"16":{"line":169,"type":"binary-expr","locations":[{"start":{"line":169,"column":43},"end":{"line":169,"column":75},"skip":true},{"start":{"line":169,"column":79},"end":{"line":178,"column":9},"skip":true}]},"17":{"line":180,"type":"binary-expr","locations":[{"start":{"line":180,"column":41},"end":{"line":180,"column":71},"skip":true},{"start":{"line":180,"column":75},"end":{"line":189,"column":9},"skip":true}]}},"code":["/* istanbul instrument in package npmtest_react_dropzone */","/*jslint","    bitwise: true,","    browser: true,","    maxerr: 8,","    maxlen: 96,","    node: true,","    nomen: true,","    regexp: true,","    stupid: true","*/","(function () {","    'use strict';","    var local;","","","","    // run shared js-env code - init-before","    (function () {","        // init local","        local = {};","        // init modeJs","        local.modeJs = (function () {","            try {","                return typeof navigator.userAgent === 'string' &&","                    typeof document.querySelector('body') === 'object' &&","                    typeof XMLHttpRequest.prototype.open === 'function' &&","                    'browser';","            } catch (errorCaughtBrowser) {","                return module.exports &&","                    typeof process.versions.node === 'string' &&","                    typeof require('http').createServer === 'function' &&","                    'node';","            }","        }());","        // init global","        local.global = local.modeJs === 'browser'","            ? window","            : global;","        switch (local.modeJs) {","        // re-init local from window.local","        case 'browser':","            local = local.global.utility2.objectSetDefault(","                local.global.utility2_rollup || local.global.local,","                local.global.utility2","            );","            break;","        // re-init local from example.js","        case 'node':","            local = (local.global.utility2_rollup || require('utility2'))","                .requireReadme();","            break;","        }","        // export local","        local.global.local = local;","    }());","","","","    // run shared js-env code - function","    (function () {","        return;","    }());","    switch (local.modeJs) {","","","","    // run browser js-env code - function","    case 'browser':","        break;","","","","    // run node js-env code - function","    case 'node':","        break;","    }","","","","    // run shared js-env code - init-after","    (function () {","        return;","    }());","    switch (local.modeJs) {","","","","    // run browser js-env code - init-after","    case 'browser':","        local.testCase_browser_nullCase = local.testCase_browser_nullCase || function (","            options,","            onError","        ) {","        /*","         * this function will test browsers's null-case handling-behavior-behavior","         */","            onError(null, options);","        };","","        // run tests","        local.nop(local.modeTest &&","            document.querySelector('#testRunButton1') &&","            document.querySelector('#testRunButton1').click());","        break;","","","","    // run node js-env code - init-after","    /* istanbul ignore next */","    case 'node':","        local.testCase_buildApidoc_default = local.testCase_buildApidoc_default || function (","            options,","            onError","        ) {","        /*","         * this function will test buildApidoc's default handling-behavior-behavior","         */","            options = { modulePathList: module.paths };","            local.buildApidoc(options, onError);","        };","","        local.testCase_buildApp_default = local.testCase_buildApp_default || function (","            options,","            onError","        ) {","        /*","         * this function will test buildApp's default handling-behavior-behavior","         */","            local.testCase_buildReadme_default(options, local.onErrorThrow);","            local.testCase_buildLib_default(options, local.onErrorThrow);","            local.testCase_buildTest_default(options, local.onErrorThrow);","            local.testCase_buildCustomOrg_default(options, local.onErrorThrow);","            options = [];","            local.buildApp(options, onError);","        };","","        local.testCase_buildCustomOrg_default = local.testCase_buildCustomOrg_default ||","            function (options, onError) {","            /*","             * this function will test buildCustomOrg's default handling-behavior","             */","                options = {};","                local.buildCustomOrg(options, onError);","            };","","        local.testCase_buildLib_default = local.testCase_buildLib_default || function (","            options,","            onError","        ) {","        /*","         * this function will test buildLib's default handling-behavior","         */","            options = {};","            local.buildLib(options, onError);","        };","","        local.testCase_buildReadme_default = local.testCase_buildReadme_default || function (","            options,","            onError","        ) {","        /*","         * this function will test buildReadme's default handling-behavior-behavior","         */","            options = {};","            local.buildReadme(options, onError);","        };","","        local.testCase_buildTest_default = local.testCase_buildTest_default || function (","            options,","            onError","        ) {","        /*","         * this function will test buildTest's default handling-behavior","         */","            options = {};","            local.buildTest(options, onError);","        };","","        local.testCase_webpage_default = local.testCase_webpage_default || function (","            options,","            onError","        ) {","        /*","         * this function will test webpage's default handling-behavior","         */","            options = { modeCoverageMerge: true, url: local.serverLocalHost + '?modeTest=1' };","            local.browserTest(options, onError);","        };","","        // run test-server","        local.testRunServer(local);","        break;","    }","}());",""],"l":{"12":2,"14":2,"19":2,"21":2,"23":2,"24":2,"25":2,"30":1,"37":2,"40":2,"43":1,"47":1,"50":1,"52":1,"55":2,"61":2,"62":2,"64":2,"70":1,"76":1,"82":2,"83":2,"85":2,"91":1,"98":1,"102":1,"105":1,"112":1,"119":1,"120":1,"123":1,"130":1,"131":1,"132":1,"133":1,"134":1,"135":1,"138":1,"143":2,"144":2,"147":1,"154":2,"155":2,"158":1,"165":2,"166":2,"169":1,"176":2,"177":2,"180":1,"187":1,"188":1,"192":1,"193":1}},"/home/travis/build/npmtest/node-npmtest-react-dropzone/lib.npmtest_react_dropzone.js":{"path":"/home/travis/build/npmtest/node-npmtest-react-dropzone/lib.npmtest_react_dropzone.js","s":{"1":2,"2":2,"3":2,"4":2,"5":2,"6":2,"7":2,"8":1,"9":2,"10":2,"11":2,"12":2,"13":1,"14":1,"15":1,"16":1},"b":{"1":[2,1,1,1],"2":[1,1,1,1],"3":[1,1],"4":[2,2],"5":[1,1]},"f":{"1":2,"2":2,"3":2},"fnMap":{"1":{"name":"(anonymous_1)","line":12,"loc":{"start":{"line":12,"column":1},"end":{"line":12,"column":13}}},"2":{"name":"(anonymous_2)","line":19,"loc":{"start":{"line":19,"column":5},"end":{"line":19,"column":17}}},"3":{"name":"(anonymous_3)","line":23,"loc":{"start":{"line":23,"column":24},"end":{"line":23,"column":36}}}},"statementMap":{"1":{"start":{"line":12,"column":0},"end":{"line":53,"column":5}},"2":{"start":{"line":14,"column":4},"end":{"line":14,"column":14}},"3":{"start":{"line":19,"column":4},"end":{"line":52,"column":9}},"4":{"start":{"line":21,"column":8},"end":{"line":21,"column":19}},"5":{"start":{"line":23,"column":8},"end":{"line":35,"column":13}},"6":{"start":{"line":24,"column":12},"end":{"line":34,"column":13}},"7":{"start":{"line":25,"column":16},"end":{"line":28,"column":30}},"8":{"start":{"line":30,"column":16},"end":{"line":33,"column":27}},"9":{"start":{"line":37,"column":8},"end":{"line":39,"column":21}},"10":{"start":{"line":41,"column":8},"end":{"line":41,"column":54}},"11":{"start":{"line":43,"column":8},"end":{"line":43,"column":59}},"12":{"start":{"line":45,"column":8},"end":{"line":51,"column":9}},"13":{"start":{"line":46,"column":12},"end":{"line":46,"column":65}},"14":{"start":{"line":48,"column":12},"end":{"line":48,"column":35}},"15":{"start":{"line":49,"column":12},"end":{"line":49,"column":49}},"16":{"start":{"line":50,"column":12},"end":{"line":50,"column":43}}},"branchMap":{"1":{"line":25,"type":"binary-expr","locations":[{"start":{"line":25,"column":23},"end":{"line":25,"column":62}},{"start":{"line":26,"column":20},"end":{"line":26,"column":70}},{"start":{"line":27,"column":20},"end":{"line":27,"column":71}},{"start":{"line":28,"column":20},"end":{"line":28,"column":29}}]},"2":{"line":30,"type":"binary-expr","locations":[{"start":{"line":30,"column":23},"end":{"line":30,"column":37}},{"start":{"line":31,"column":20},"end":{"line":31,"column":61}},{"start":{"line":32,"column":20},"end":{"line":32,"column":70}},{"start":{"line":33,"column":20},"end":{"line":33,"column":26}}]},"3":{"line":37,"type":"cond-expr","locations":[{"start":{"line":38,"column":14},"end":{"line":38,"column":20}},{"start":{"line":39,"column":14},"end":{"line":39,"column":20}}]},"4":{"line":41,"type":"binary-expr","locations":[{"start":{"line":41,"column":16},"end":{"line":41,"column":44}},{"start":{"line":41,"column":48},"end":{"line":41,"column":53}}]},"5":{"line":45,"type":"if","locations":[{"start":{"line":45,"column":8},"end":{"line":45,"column":8}},{"start":{"line":45,"column":8},"end":{"line":45,"column":8}}]}},"code":["/* istanbul instrument in package npmtest_react_dropzone */","/*jslint","    bitwise: true,","    browser: true,","    maxerr: 8,","    maxlen: 96,","    node: true,","    nomen: true,","    regexp: true,","    stupid: true","*/","(function () {","    'use strict';","    var local;","","","","    // run shared js-env code - init-before","    (function () {","        // init local","        local = {};","        // init modeJs","        local.modeJs = (function () {","            try {","                return typeof navigator.userAgent === 'string' &&","                    typeof document.querySelector('body') === 'object' &&","                    typeof XMLHttpRequest.prototype.open === 'function' &&","                    'browser';","            } catch (errorCaughtBrowser) {","                return module.exports &&","                    typeof process.versions.node === 'string' &&","                    typeof require('http').createServer === 'function' &&","                    'node';","            }","        }());","        // init global","        local.global = local.modeJs === 'browser'","            ? window","            : global;","        // init utility2_rollup","        local = local.global.utility2_rollup || local;","        // init lib","        local.local = local.npmtest_react_dropzone = local;","        // init exports","        if (local.modeJs === 'browser') {","            local.global.utility2_npmtest_react_dropzone = local;","        } else {","            module.exports = local;","            module.exports.__dirname = __dirname;","            module.exports.module = module;","        }","    }());","}());",""],"l":{"12":2,"14":2,"19":2,"21":2,"23":2,"24":2,"25":2,"30":1,"37":2,"41":2,"43":2,"45":2,"46":1,"48":1,"49":1,"50":1}},"/home/travis/build/npmtest/node-npmtest-react-dropzone/example.js":{"path":"/home/travis/build/npmtest/node-npmtest-react-dropzone/example.js","s":{"1":2,"2":2,"3":2,"4":2,"5":2,"6":2,"7":2,"8":1,"9":2,"10":2,"11":2,"12":2,"13":1,"14":2,"15":2,"16":2,"17":2,"18":2,"19":0,"20":2,"21":1,"22":1,"23":1,"24":1,"25":1,"26":0,"27":0,"28":1,"29":1,"30":2,"31":0,"32":0,"33":0,"34":1,"35":2,"36":2,"37":3,"38":3,"39":3,"40":3,"41":0,"42":3,"43":3,"44":3,"45":1,"46":3,"47":1,"48":1,"49":1,"50":1,"51":1,"52":1,"53":1,"54":1,"55":1,"56":1,"57":0,"58":1,"59":6,"60":6,"61":1,"62":2,"63":0,"64":2,"65":1,"66":1,"67":0,"68":0,"69":0,"70":0,"71":0,"72":0,"73":0,"74":0,"75":0,"76":0,"77":0,"78":0,"79":0,"80":0,"81":0,"82":0,"83":0},"b":{"1":[2,1,1,1],"2":[1,1,1,1],"3":[1,1],"4":[2,2],"5":[1,1],"6":[1,1],"7":[2,0],"8":[2,1,1,1,1,1],"9":[0,2,0],"10":[1,1],"11":[2,1,1],"12":[1,0],"13":[0,2],"14":[2,0,0,0,0,0,0],"15":[0,3],"16":[3,0],"17":[1,1],"18":[0,1],"19":[1,2,0,2],"20":[1,0],"21":[1,1],"22":[0,0],"23":[0,0],"24":[0,0],"25":[0,0],"26":[0,0],"27":[0,0],"28":[0,0]},"f":{"1":2,"2":2,"3":2,"4":2,"5":2,"6":2,"7":3,"8":3,"9":3,"10":1,"11":6,"12":0},"fnMap":{"1":{"name":"(anonymous_1)","line":26,"loc":{"start":{"line":26,"column":1},"end":{"line":26,"column":13}}},"2":{"name":"(anonymous_2)","line":33,"loc":{"start":{"line":33,"column":5},"end":{"line":33,"column":17}}},"3":{"name":"(anonymous_3)","line":37,"loc":{"start":{"line":37,"column":24},"end":{"line":37,"column":36}}},"4":{"name":"(anonymous_4)","line":69,"loc":{"start":{"line":69,"column":31},"end":{"line":69,"column":48}},"skip":true},"5":{"name":"(anonymous_5)","line":78,"loc":{"start":{"line":78,"column":26},"end":{"line":78,"column":45}},"skip":true},"6":{"name":"(anonymous_6)","line":123,"loc":{"start":{"line":123,"column":33},"end":{"line":123,"column":48}},"skip":true},"7":{"name":"(anonymous_7)","line":125,"loc":{"start":{"line":125,"column":27},"end":{"line":125,"column":39}},"skip":true},"8":{"name":"(anonymous_8)","line":133,"loc":{"start":{"line":133,"column":59},"end":{"line":133,"column":74}},"skip":true},"9":{"name":"(anonymous_9)","line":143,"loc":{"start":{"line":143,"column":45},"end":{"line":143,"column":62}},"skip":true},"10":{"name":"(anonymous_10)","line":144,"loc":{"start":{"line":144,"column":73},"end":{"line":144,"column":92}},"skip":true},"11":{"name":"(anonymous_11)","line":272,"loc":{"start":{"line":272,"column":51},"end":{"line":272,"column":77}},"skip":true},"12":{"name":"(anonymous_12)","line":315,"loc":{"start":{"line":315,"column":32},"end":{"line":315,"column":61}},"skip":true}},"statementMap":{"1":{"start":{"line":26,"column":0},"end":{"line":326,"column":5}},"2":{"start":{"line":28,"column":4},"end":{"line":28,"column":14}},"3":{"start":{"line":33,"column":4},"end":{"line":60,"column":9}},"4":{"start":{"line":35,"column":8},"end":{"line":35,"column":19}},"5":{"start":{"line":37,"column":8},"end":{"line":49,"column":13}},"6":{"start":{"line":38,"column":12},"end":{"line":48,"column":13}},"7":{"start":{"line":39,"column":16},"end":{"line":42,"column":30}},"8":{"start":{"line":44,"column":16},"end":{"line":47,"column":27}},"9":{"start":{"line":51,"column":8},"end":{"line":53,"column":21}},"10":{"start":{"line":55,"column":8},"end":{"line":57,"column":45}},"11":{"start":{"line":59,"column":8},"end":{"line":59,"column":35}},"12":{"start":{"line":61,"column":4},"end":{"line":325,"column":5}},"13":{"start":{"line":69,"column":8},"end":{"line":121,"column":10},"skip":true},"14":{"start":{"line":70,"column":12},"end":{"line":88,"column":13},"skip":true},"15":{"start":{"line":76,"column":16},"end":{"line":87,"column":19},"skip":true},"16":{"start":{"line":79,"column":20},"end":{"line":86,"column":21},"skip":true},"17":{"start":{"line":82,"column":24},"end":{"line":82,"column":43},"skip":true},"18":{"start":{"line":83,"column":24},"end":{"line":83,"column":30},"skip":true},"19":{"start":{"line":85,"column":24},"end":{"line":85,"column":49},"skip":true},"20":{"start":{"line":89,"column":12},"end":{"line":107,"column":13},"skip":true},"21":{"start":{"line":92,"column":16},"end":{"line":102,"column":17},"skip":true},"22":{"start":{"line":93,"column":20},"end":{"line":93,"column":86},"skip":true},"23":{"start":{"line":94,"column":20},"end":{"line":95,"column":45},"skip":true},"24":{"start":{"line":96,"column":20},"end":{"line":96,"column":42},"skip":true},"25":{"start":{"line":97,"column":20},"end":{"line":97,"column":48},"skip":true},"26":{"start":{"line":100,"column":20},"end":{"line":100,"column":85},"skip":true},"27":{"start":{"line":101,"column":20},"end":{"line":101,"column":96},"skip":true},"28":{"start":{"line":103,"column":16},"end":{"line":103,"column":22},"skip":true},"29":{"start":{"line":106,"column":16},"end":{"line":106,"column":22},"skip":true},"30":{"start":{"line":108,"column":12},"end":{"line":120,"column":13},"skip":true},"31":{"start":{"line":114,"column":16},"end":{"line":119,"column":17},"skip":true},"32":{"start":{"line":116,"column":20},"end":{"line":116,"column":78},"skip":true},"33":{"start":{"line":118,"column":20},"end":{"line":118,"column":47},"skip":true},"34":{"start":{"line":123,"column":8},"end":{"line":141,"column":11},"skip":true},"35":{"start":{"line":124,"column":12},"end":{"line":124,"column":54},"skip":true},"36":{"start":{"line":125,"column":12},"end":{"line":140,"column":14},"skip":true},"37":{"start":{"line":126,"column":16},"end":{"line":126,"column":28},"skip":true},"38":{"start":{"line":127,"column":16},"end":{"line":127,"column":69},"skip":true},"39":{"start":{"line":128,"column":16},"end":{"line":128,"column":75},"skip":true},"40":{"start":{"line":129,"column":16},"end":{"line":131,"column":17},"skip":true},"41":{"start":{"line":130,"column":20},"end":{"line":130,"column":27},"skip":true},"42":{"start":{"line":133,"column":16},"end":{"line":137,"column":36},"skip":true},"43":{"start":{"line":134,"column":20},"end":{"line":136,"column":55},"skip":true},"44":{"start":{"line":139,"column":16},"end":{"line":139,"column":57},"skip":true},"45":{"start":{"line":143,"column":8},"end":{"line":147,"column":11},"skip":true},"46":{"start":{"line":144,"column":12},"end":{"line":146,"column":15},"skip":true},"47":{"start":{"line":145,"column":16},"end":{"line":145,"column":70},"skip":true},"48":{"start":{"line":149,"column":8},"end":{"line":149,"column":31},"skip":true},"49":{"start":{"line":150,"column":8},"end":{"line":150,"column":14},"skip":true},"50":{"start":{"line":158,"column":8},"end":{"line":158,"column":31},"skip":true},"51":{"start":{"line":160,"column":8},"end":{"line":160,"column":33},"skip":true},"52":{"start":{"line":161,"column":8},"end":{"line":161,"column":37},"skip":true},"53":{"start":{"line":162,"column":8},"end":{"line":162,"column":35},"skip":true},"54":{"start":{"line":164,"column":8},"end":{"line":164,"column":50},"skip":true},"55":{"start":{"line":166,"column":8},"end":{"line":256,"column":2},"skip":true},"56":{"start":{"line":258,"column":8},"end":{"line":286,"column":9},"skip":true},"57":{"start":{"line":259,"column":12},"end":{"line":269,"column":14},"skip":true},"58":{"start":{"line":271,"column":12},"end":{"line":285,"column":19},"skip":true},"59":{"start":{"line":274,"column":20},"end":{"line":274,"column":35},"skip":true},"60":{"start":{"line":275,"column":20},"end":{"line":284,"column":21},"skip":true},"61":{"start":{"line":277,"column":24},"end":{"line":277,"column":64},"skip":true},"62":{"start":{"line":279,"column":24},"end":{"line":279,"column":40},"skip":true},"63":{"start":{"line":281,"column":24},"end":{"line":281,"column":40},"skip":true},"64":{"start":{"line":283,"column":24},"end":{"line":283,"column":39},"skip":true},"65":{"start":{"line":288,"column":8},"end":{"line":290,"column":9},"skip":true},"66":{"start":{"line":289,"column":12},"end":{"line":289,"column":18},"skip":true},"67":{"start":{"line":291,"column":8},"end":{"line":293,"column":54},"skip":true},"68":{"start":{"line":296,"column":8},"end":{"line":301,"column":37},"skip":true},"69":{"start":{"line":303,"column":8},"end":{"line":303,"column":82},"skip":true},"70":{"start":{"line":306,"column":8},"end":{"line":308,"column":9},"skip":true},"71":{"start":{"line":307,"column":12},"end":{"line":307,"column":82},"skip":true},"72":{"start":{"line":310,"column":8},"end":{"line":312,"column":9},"skip":true},"73":{"start":{"line":311,"column":12},"end":{"line":311,"column":18},"skip":true},"74":{"start":{"line":313,"column":8},"end":{"line":313,"column":54},"skip":true},"75":{"start":{"line":314,"column":8},"end":{"line":314,"column":69},"skip":true},"76":{"start":{"line":315,"column":8},"end":{"line":323,"column":36},"skip":true},"77":{"start":{"line":316,"column":12},"end":{"line":316,"column":61},"skip":true},"78":{"start":{"line":317,"column":12},"end":{"line":320,"column":13},"skip":true},"79":{"start":{"line":318,"column":16},"end":{"line":318,"column":75},"skip":true},"80":{"start":{"line":319,"column":16},"end":{"line":319,"column":23},"skip":true},"81":{"start":{"line":321,"column":12},"end":{"line":321,"column":38},"skip":true},"82":{"start":{"line":322,"column":12},"end":{"line":322,"column":27},"skip":true},"83":{"start":{"line":324,"column":8},"end":{"line":324,"column":14},"skip":true}},"branchMap":{"1":{"line":39,"type":"binary-expr","locations":[{"start":{"line":39,"column":23},"end":{"line":39,"column":62}},{"start":{"line":40,"column":20},"end":{"line":40,"column":70}},{"start":{"line":41,"column":20},"end":{"line":41,"column":71}},{"start":{"line":42,"column":20},"end":{"line":42,"column":29}}]},"2":{"line":44,"type":"binary-expr","locations":[{"start":{"line":44,"column":23},"end":{"line":44,"column":37}},{"start":{"line":45,"column":20},"end":{"line":45,"column":61}},{"start":{"line":46,"column":20},"end":{"line":46,"column":70}},{"start":{"line":47,"column":20},"end":{"line":47,"column":26}}]},"3":{"line":51,"type":"cond-expr","locations":[{"start":{"line":52,"column":14},"end":{"line":52,"column":20}},{"start":{"line":53,"column":14},"end":{"line":53,"column":20}}]},"4":{"line":55,"type":"binary-expr","locations":[{"start":{"line":55,"column":16},"end":{"line":55,"column":44}},{"start":{"line":55,"column":49},"end":{"line":57,"column":43}}]},"5":{"line":55,"type":"cond-expr","locations":[{"start":{"line":56,"column":14},"end":{"line":56,"column":58}},{"start":{"line":57,"column":14},"end":{"line":57,"column":43}}]},"6":{"line":61,"type":"switch","locations":[{"start":{"line":68,"column":4},"end":{"line":150,"column":14},"skip":true},{"start":{"line":156,"column":4},"end":{"line":324,"column":14},"skip":true}]},"7":{"line":70,"type":"if","locations":[{"start":{"line":70,"column":12},"end":{"line":70,"column":12},"skip":true},{"start":{"line":70,"column":12},"end":{"line":70,"column":12},"skip":true}]},"8":{"line":70,"type":"binary-expr","locations":[{"start":{"line":70,"column":16},"end":{"line":70,"column":22},"skip":true},{"start":{"line":70,"column":27},"end":{"line":70,"column":32},"skip":true},{"start":{"line":71,"column":20},"end":{"line":71,"column":39},"skip":true},{"start":{"line":72,"column":20},"end":{"line":72,"column":49},"skip":true},{"start":{"line":73,"column":20},"end":{"line":73,"column":58},"skip":true},{"start":{"line":74,"column":20},"end":{"line":74,"column":69},"skip":true}]},"9":{"line":79,"type":"switch","locations":[{"start":{"line":80,"column":20},"end":{"line":80,"column":33},"skip":true},{"start":{"line":81,"column":20},"end":{"line":83,"column":30},"skip":true},{"start":{"line":84,"column":20},"end":{"line":85,"column":49},"skip":true}]},"10":{"line":89,"type":"switch","locations":[{"start":{"line":90,"column":12},"end":{"line":103,"column":22},"skip":true},{"start":{"line":105,"column":12},"end":{"line":106,"column":22},"skip":true}]},"11":{"line":89,"type":"binary-expr","locations":[{"start":{"line":89,"column":20},"end":{"line":89,"column":25},"skip":true},{"start":{"line":89,"column":29},"end":{"line":89,"column":48},"skip":true},{"start":{"line":89,"column":52},"end":{"line":89,"column":74},"skip":true}]},"12":{"line":92,"type":"if","locations":[{"start":{"line":92,"column":16},"end":{"line":92,"column":16},"skip":true},{"start":{"line":92,"column":16},"end":{"line":92,"column":16},"skip":true}]},"13":{"line":108,"type":"if","locations":[{"start":{"line":108,"column":12},"end":{"line":108,"column":12},"skip":true},{"start":{"line":108,"column":12},"end":{"line":108,"column":12},"skip":true}]},"14":{"line":108,"type":"binary-expr","locations":[{"start":{"line":108,"column":16},"end":{"line":108,"column":61},"skip":true},{"start":{"line":108,"column":66},"end":{"line":108,"column":72},"skip":true},{"start":{"line":108,"column":77},"end":{"line":108,"column":82},"skip":true},{"start":{"line":109,"column":20},"end":{"line":109,"column":39},"skip":true},{"start":{"line":110,"column":20},"end":{"line":110,"column":49},"skip":true},{"start":{"line":111,"column":20},"end":{"line":111,"column":58},"skip":true},{"start":{"line":112,"column":20},"end":{"line":112,"column":68},"skip":true}]},"15":{"line":129,"type":"if","locations":[{"start":{"line":129,"column":16},"end":{"line":129,"column":16},"skip":true},{"start":{"line":129,"column":16},"end":{"line":129,"column":16},"skip":true}]},"16":{"line":134,"type":"cond-expr","locations":[{"start":{"line":135,"column":26},"end":{"line":135,"column":29},"skip":true},{"start":{"line":136,"column":26},"end":{"line":136,"column":54},"skip":true}]},"17":{"line":164,"type":"binary-expr","locations":[{"start":{"line":164,"column":27},"end":{"line":164,"column":43},"skip":true},{"start":{"line":164,"column":47},"end":{"line":164,"column":49},"skip":true}]},"18":{"line":258,"type":"if","locations":[{"start":{"line":258,"column":8},"end":{"line":258,"column":8},"skip":true},{"start":{"line":258,"column":8},"end":{"line":258,"column":8},"skip":true}]},"19":{"line":275,"type":"switch","locations":[{"start":{"line":276,"column":20},"end":{"line":277,"column":64},"skip":true},{"start":{"line":278,"column":20},"end":{"line":279,"column":40},"skip":true},{"start":{"line":280,"column":20},"end":{"line":281,"column":40},"skip":true},{"start":{"line":282,"column":20},"end":{"line":283,"column":39},"skip":true}]},"20":{"line":288,"type":"if","locations":[{"start":{"line":288,"column":8},"end":{"line":288,"column":8},"skip":true},{"start":{"line":288,"column":8},"end":{"line":288,"column":8},"skip":true}]},"21":{"line":288,"type":"binary-expr","locations":[{"start":{"line":288,"column":12},"end":{"line":288,"column":40},"skip":true},{"start":{"line":288,"column":44},"end":{"line":288,"column":67},"skip":true}]},"22":{"line":292,"type":"binary-expr","locations":[{"start":{"line":292,"column":12},"end":{"line":292,"column":50},"skip":true},{"start":{"line":293,"column":12},"end":{"line":293,"column":53},"skip":true}]},"23":{"line":297,"type":"binary-expr","locations":[{"start":{"line":297,"column":12},"end":{"line":297,"column":72},"skip":true},{"start":{"line":298,"column":12},"end":{"line":301,"column":36},"skip":true}]},"24":{"line":303,"type":"binary-expr","locations":[{"start":{"line":303,"column":43},"end":{"line":303,"column":75},"skip":true},{"start":{"line":303,"column":79},"end":{"line":303,"column":81},"skip":true}]},"25":{"line":306,"type":"if","locations":[{"start":{"line":306,"column":8},"end":{"line":306,"column":8},"skip":true},{"start":{"line":306,"column":8},"end":{"line":306,"column":8},"skip":true}]},"26":{"line":310,"type":"if","locations":[{"start":{"line":310,"column":8},"end":{"line":310,"column":8},"skip":true},{"start":{"line":310,"column":8},"end":{"line":310,"column":8},"skip":true}]},"27":{"line":313,"type":"binary-expr","locations":[{"start":{"line":313,"column":27},"end":{"line":313,"column":43},"skip":true},{"start":{"line":313,"column":47},"end":{"line":313,"column":53},"skip":true}]},"28":{"line":317,"type":"if","locations":[{"start":{"line":317,"column":12},"end":{"line":317,"column":12},"skip":true},{"start":{"line":317,"column":12},"end":{"line":317,"column":12},"skip":true}]}},"code":["/*","example.js","","quickstart example","","instruction","    1. save this script as example.js","    2. run the shell command:","        $ npm install npmtest-react-dropzone && PORT=8081 node example.js","    3. play with the browser-demo on http://127.0.0.1:8081","*/","","","","/* istanbul instrument in package npmtest_react_dropzone */","/*jslint","    bitwise: true,","    browser: true,","    maxerr: 8,","    maxlen: 96,","    node: true,","    nomen: true,","    regexp: true,","    stupid: true","*/","(function () {","    'use strict';","    var local;","","","","    // run shared js-env code - init-before","    (function () {","        // init local","        local = {};","        // init modeJs","        local.modeJs = (function () {","            try {","                return typeof navigator.userAgent === 'string' &&","                    typeof document.querySelector('body') === 'object' &&","                    typeof XMLHttpRequest.prototype.open === 'function' &&","                    'browser';","            } catch (errorCaughtBrowser) {","                return module.exports &&","                    typeof process.versions.node === 'string' &&","                    typeof require('http').createServer === 'function' &&","                    'node';","            }","        }());","        // init global","        local.global = local.modeJs === 'browser'","            ? window","            : global;","        // init utility2_rollup","        local = local.global.utility2_rollup || (local.modeJs === 'browser'","            ? local.global.utility2_npmtest_react_dropzone","            : global.utility2_moduleExports);","        // export local","        local.global.local = local;","    }());","    switch (local.modeJs) {","","","","    // init-after","    // run browser js-env code - init-after","    /* istanbul ignore next */","    case 'browser':","        local.testRunBrowser = function (event) {","            if (!event || (event &&","                    event.currentTarget &&","                    event.currentTarget.className &&","                    event.currentTarget.className.includes &&","                    event.currentTarget.className.includes('onreset'))) {","                // reset output","                Array.from(","                    document.querySelectorAll('body > .resettable')","                ).forEach(function (element) {","                    switch (element.tagName) {","                    case 'INPUT':","                    case 'TEXTAREA':","                        element.value = '';","                        break;","                    default:","                        element.textContent = '';","                    }","                });","            }","            switch (event && event.currentTarget && event.currentTarget.id) {","            case 'testRunButton1':","                // show tests","                if (document.querySelector('#testReportDiv1').style.display === 'none') {","                    document.querySelector('#testReportDiv1').style.display = 'block';","                    document.querySelector('#testRunButton1').textContent =","                        'hide internal test';","                    local.modeTest = true;","                    local.testRunDefault(local);","                // hide tests","                } else {","                    document.querySelector('#testReportDiv1').style.display = 'none';","                    document.querySelector('#testRunButton1').textContent = 'run internal test';","                }","                break;","            // custom-case","            default:","                break;","            }","            if (document.querySelector('#inputTextareaEval1') && (!event || (event &&","                    event.currentTarget &&","                    event.currentTarget.className &&","                    event.currentTarget.className.includes &&","                    event.currentTarget.className.includes('oneval')))) {","                // try to eval input-code","                try {","                    /*jslint evil: true*/","                    eval(document.querySelector('#inputTextareaEval1').value);","                } catch (errorCaught) {","                    console.error(errorCaught);","                }","            }","        };","        // log stderr and stdout to #outputTextareaStdout1","        ['error', 'log'].forEach(function (key) {","            console[key + '_original'] = console[key];","            console[key] = function () {","                var element;","                console[key + '_original'].apply(console, arguments);","                element = document.querySelector('#outputTextareaStdout1');","                if (!element) {","                    return;","                }","                // append text to #outputTextareaStdout1","                element.value += Array.from(arguments).map(function (arg) {","                    return typeof arg === 'string'","                        ? arg","                        : JSON.stringify(arg, null, 4);","                }).join(' ') + '\\n';","                // scroll textarea to bottom","                element.scrollTop = element.scrollHeight;","            };","        });","        // init event-handling","        ['change', 'click', 'keyup'].forEach(function (event) {","            Array.from(document.querySelectorAll('.on' + event)).forEach(function (element) {","                element.addEventListener(event, local.testRunBrowser);","            });","        });","        // run tests","        local.testRunBrowser();","        break;","","","","    // run node js-env code - init-after","    /* istanbul ignore next */","    case 'node':","        // export local","        module.exports = local;","        // require modules","        local.fs = require('fs');","        local.http = require('http');","        local.url = require('url');","        // init assets","        local.assetsDict = local.assetsDict || {};","        /* jslint-ignore-begin */","        local.assetsDict['/assets.index.template.html'] = '\\","<!doctype html>\\n\\","<html lang=\"en\">\\n\\","<head>\\n\\","<meta charset=\"UTF-8\">\\n\\","<meta name=\"viewport\" content=\"width=device-width, initial-scale=1\">\\n\\","<title>{{env.npm_package_name}} (v{{env.npm_package_version}})</title>\\n\\","<style>\\n\\","/*csslint\\n\\","    box-sizing: false,\\n\\","    universal-selector: false\\n\\","*/\\n\\","* {\\n\\","    box-sizing: border-box;\\n\\","}\\n\\","body {\\n\\","    background: #dde;\\n\\","    font-family: Arial, Helvetica, sans-serif;\\n\\","    margin: 2rem;\\n\\","}\\n\\","body > * {\\n\\","    margin-bottom: 1rem;\\n\\","}\\n\\",".utility2FooterDiv {\\n\\","    margin-top: 20px;\\n\\","    text-align: center;\\n\\","}\\n\\","</style>\\n\\","<style>\\n\\","/*csslint\\n\\","*/\\n\\","textarea {\\n\\","    font-family: monospace;\\n\\","    height: 10rem;\\n\\","    width: 100%;\\n\\","}\\n\\","textarea[readonly] {\\n\\","    background: #ddd;\\n\\","}\\n\\","</style>\\n\\","</head>\\n\\","<body>\\n\\","<!-- utility2-comment\\n\\","<div id=\"ajaxProgressDiv1\" style=\"background: #d00; height: 2px; left: 0; margin: 0; padding: 0; position: fixed; top: 0; transition: background 0.5s, width 1.5s; width: 25%;\"></div>\\n\\","utility2-comment -->\\n\\","<h1>\\n\\","<!-- utility2-comment\\n\\","    <a\\n\\","        {{#if env.npm_package_homepage}}\\n\\","        href=\"{{env.npm_package_homepage}}\"\\n\\","        {{/if env.npm_package_homepage}}\\n\\","        target=\"_blank\"\\n\\","    >\\n\\","utility2-comment -->\\n\\","        {{env.npm_package_name}} (v{{env.npm_package_version}})\\n\\","<!-- utility2-comment\\n\\","    </a>\\n\\","utility2-comment -->\\n\\","</h1>\\n\\","<h3>{{env.npm_package_description}}</h3>\\n\\","<!-- utility2-comment\\n\\","<h4><a download href=\"assets.app.js\">download standalone app</a></h4>\\n\\","<button class=\"onclick onreset\" id=\"testRunButton1\">run internal test</button><br>\\n\\","<div id=\"testReportDiv1\" style=\"display: none;\"></div>\\n\\","utility2-comment -->\\n\\","\\n\\","\\n\\","\\n\\","<label>stderr and stdout</label>\\n\\","<textarea class=\"resettable\" id=\"outputTextareaStdout1\" readonly></textarea>\\n\\","<!-- utility2-comment\\n\\","{{#if isRollup}}\\n\\","<script src=\"assets.app.js\"></script>\\n\\","{{#unless isRollup}}\\n\\","utility2-comment -->\\n\\","<script src=\"assets.utility2.rollup.js\"></script>\\n\\","<script src=\"jsonp.utility2._stateInit?callback=window.utility2._stateInit\"></script>\\n\\","<script src=\"assets.npmtest_react_dropzone.rollup.js\"></script>\\n\\","<script src=\"assets.example.js\"></script>\\n\\","<script src=\"assets.test.js\"></script>\\n\\","<!-- utility2-comment\\n\\","{{/if isRollup}}\\n\\","utility2-comment -->\\n\\","<div class=\"utility2FooterDiv\">\\n\\","    [ this app was created with\\n\\","    <a href=\"https://github.com/kaizhu256/node-utility2\" target=\"_blank\">utility2</a>\\n\\","    ]\\n\\","</div>\\n\\","</body>\\n\\","</html>\\n\\","';","        /* jslint-ignore-end */","        if (local.templateRender) {","            local.assetsDict['/'] = local.templateRender(","                local.assetsDict['/assets.index.template.html'],","                {","                    env: local.objectSetDefault(local.env, {","                        npm_package_description: 'the greatest app in the world!',","                        npm_package_name: 'my-app',","                        npm_package_nameAlias: 'my_app',","                        npm_package_version: '0.0.1'","                    })","                }","            );","        } else {","            local.assetsDict['/'] = local.assetsDict['/assets.index.template.html']","                .replace((/\\{\\{env\\.(\\w+?)\\}\\}/g), function (match0, match1) {","                    // jslint-hack","                    String(match0);","                    switch (match1) {","                    case 'npm_package_description':","                        return 'the greatest app in the world!';","                    case 'npm_package_name':","                        return 'my-app';","                    case 'npm_package_nameAlias':","                        return 'my_app';","                    case 'npm_package_version':","                        return '0.0.1';","                    }","                });","        }","        // run the cli","        if (local.global.utility2_rollup || module !== require.main) {","            break;","        }","        local.assetsDict['/assets.example.js'] =","            local.assetsDict['/assets.example.js'] ||","            local.fs.readFileSync(__filename, 'utf8');","        // bug-workaround - long $npm_package_buildCustomOrg","        /* jslint-ignore-begin */","        local.assetsDict['/assets.npmtest_react_dropzone.rollup.js'] =","            local.assetsDict['/assets.npmtest_react_dropzone.rollup.js'] ||","            local.fs.readFileSync(","                local.npmtest_react_dropzone.__dirname + '/lib.npmtest_react_dropzone.js',","                'utf8'","            ).replace((/^#!/), '//');","        /* jslint-ignore-end */","        local.assetsDict['/favicon.ico'] = local.assetsDict['/favicon.ico'] || '';","        // if $npm_config_timeout_exit exists,","        // then exit this process after $npm_config_timeout_exit ms","        if (Number(process.env.npm_config_timeout_exit)) {","            setTimeout(process.exit, Number(process.env.npm_config_timeout_exit));","        }","        // start server","        if (local.global.utility2_serverHttp1) {","            break;","        }","        process.env.PORT = process.env.PORT || '8081';","        console.error('server starting on port ' + process.env.PORT);","        local.http.createServer(function (request, response) {","            request.urlParsed = local.url.parse(request.url);","            if (local.assetsDict[request.urlParsed.pathname] !== undefined) {","                response.end(local.assetsDict[request.urlParsed.pathname]);","                return;","            }","            response.statusCode = 404;","            response.end();","        }).listen(process.env.PORT);","        break;","    }","}());",""],"l":{"26":2,"28":2,"33":2,"35":2,"37":2,"38":2,"39":2,"44":1,"51":2,"55":2,"59":2,"61":2,"69":1,"70":2,"76":2,"79":2,"82":2,"83":2,"85":1,"89":2,"92":1,"93":1,"94":1,"96":1,"97":1,"100":1,"101":1,"103":1,"106":1,"108":2,"114":1,"116":1,"118":1,"123":1,"124":2,"125":2,"126":3,"127":3,"128":3,"129":3,"130":1,"133":3,"134":3,"139":3,"143":1,"144":3,"145":1,"149":1,"150":1,"158":1,"160":1,"161":1,"162":1,"164":1,"166":1,"258":1,"259":1,"271":1,"274":6,"275":6,"277":1,"279":2,"281":1,"283":2,"288":1,"289":1,"291":1,"296":1,"303":1,"306":1,"307":1,"310":1,"311":1,"313":1,"314":1,"315":1,"316":1,"317":1,"318":1,"319":1,"321":1,"322":1,"324":1}},"/home/travis/build/npmtest/node-npmtest-react-dropzone/node_modules/react-dropzone/dist/index.js":{"path":"/home/travis/build/npmtest/node-npmtest-react-dropzone/node_modules/react-dropzone/dist/index.js","s":{"1":1,"2":1,"3":1,"4":0,"5":0,"6":0,"7":0,"8":0,"9":1,"10":1,"11":1,"12":6,"13":0,"14":6,"15":6,"16":6,"17":6,"18":1,"19":1,"20":1,"21":1,"22":1,"23":1,"24":1,"25":0,"26":0,"27":0,"28":0,"29":0,"30":0,"31":1,"32":1,"33":2,"34":17,"35":17,"36":17,"37":17,"38":17,"39":17,"40":1,"41":2,"42":1,"43":2,"44":1,"45":2,"46":1,"47":1,"48":1,"49":1,"50":1,"51":1,"52":1,"53":1,"54":1,"55":4,"56":1,"57":0,"58":0,"59":0,"60":0,"61":0,"62":0,"63":0,"64":0,"65":1,"66":0,"67":0,"68":1,"69":0,"70":0,"71":0,"72":1,"73":1,"74":0,"75":1,"76":1,"77":1,"78":1,"79":1,"80":1,"81":1,"82":0,"83":1,"84":0,"85":0,"86":0,"87":0,"88":0,"89":0,"90":0,"91":0,"92":0,"93":0,"94":0,"95":0,"96":0,"97":0,"98":0,"99":0,"100":0,"101":0,"102":0,"103":1,"104":0,"105":0,"106":0,"107":0,"108":0,"109":0,"110":0,"111":0,"112":0,"113":0,"114":0,"115":0,"116":0,"117":0,"118":0,"119":0,"120":0,"121":0,"122":0,"123":0,"124":0,"125":0,"126":0,"127":0,"128":0,"129":0,"130":0,"131":0,"132":0,"133":0,"134":0,"135":0,"136":0,"137":0,"138":0,"139":0,"140":0,"141":0,"142":0,"143":0,"144":0,"145":0,"146":0,"147":0,"148":0,"149":0,"150":0,"151":0,"152":0,"153":0,"154":0,"155":0,"156":0,"157":0,"158":0,"159":0,"160":0,"161":0,"162":0,"163":0,"164":0,"165":0,"166":0,"167":0,"168":0,"169":0,"170":0,"171":0,"172":0,"173":0,"174":0,"175":0,"176":0,"177":0,"178":0,"179":0,"180":0,"181":0,"182":0,"183":0,"184":0,"185":0,"186":0,"187":0,"188":0,"189":0,"190":0,"191":0,"192":0,"193":0,"194":0,"195":0,"196":0,"197":0,"198":0,"199":0,"200":0,"201":0,"202":0,"203":0,"204":0,"205":0,"206":0,"207":0,"208":0,"209":0,"210":0,"211":0,"212":0,"213":0,"214":0,"215":0,"216":0,"217":0,"218":1,"219":1,"220":1,"221":1,"222":1,"223":1,"224":1,"225":1,"226":1,"227":0,"228":1,"229":0,"230":1,"231":1,"232":1,"233":1,"234":0,"235":0,"236":1,"237":1,"238":1,"239":0,"240":0,"241":1,"242":0,"243":0,"244":0,"245":0,"246":0,"247":0,"248":0,"249":0,"250":0,"251":0,"252":1,"253":0,"254":0,"255":0,"256":0,"257":0,"258":0,"259":0,"260":0,"261":0,"262":0,"263":1,"264":1,"265":1,"266":1,"267":1,"268":0,"269":0,"270":0,"271":0,"272":0,"273":0,"274":0,"275":0,"276":1,"277":0,"278":0,"279":0,"280":0,"281":0,"282":0,"283":0,"284":0,"285":0,"286":0,"287":0,"288":0,"289":0,"290":0,"291":0,"292":0,"293":1,"294":0,"295":0,"296":0,"297":0,"298":0,"299":0,"300":0,"301":1,"302":0,"303":0,"304":1,"305":0,"306":1,"307":1,"308":1,"309":1,"310":1,"311":1,"312":1,"313":1,"314":1,"315":1,"316":1,"317":1,"318":1,"319":1,"320":1,"321":0,"322":1,"323":0,"324":1,"325":0,"326":1,"327":0,"328":1,"329":1,"330":1,"331":1,"332":63,"333":36,"334":27,"335":27,"336":1,"337":1,"338":1,"339":0,"340":0,"341":0,"342":0,"343":0,"344":0,"345":0,"346":0,"347":0,"348":1,"349":1,"350":1,"351":1,"352":1,"353":1,"354":0,"355":2,"356":2,"357":2,"358":27,"359":1,"360":1,"361":1,"362":81,"363":0,"364":1,"365":1,"366":1,"367":1,"368":1,"369":1,"370":1,"371":2,"372":1,"373":1,"374":1,"375":26,"376":0,"377":26,"378":1,"379":1,"380":0,"381":1,"382":1,"383":26,"384":0,"385":26,"386":5,"387":0,"388":0,"389":0,"390":9,"391":0,"392":12,"393":0,"394":1,"395":0,"396":0,"397":0,"398":1,"399":1,"400":1,"401":1,"402":1,"403":1,"404":0,"405":1,"406":1,"407":1,"408":0,"409":1,"410":0,"411":1,"412":1,"413":0,"414":0,"415":1,"416":81,"417":1,"418":1,"419":0,"420":27,"421":3,"422":1,"423":1,"424":1,"425":1,"426":1,"427":0,"428":0,"429":0,"430":1,"431":1,"432":1,"433":1,"434":1,"435":0,"436":1,"437":1,"438":0,"439":1,"440":1,"441":0,"442":0,"443":1,"444":3,"445":27,"446":1,"447":1,"448":1,"449":1,"450":0,"451":0,"452":0,"453":0,"454":0,"455":0,"456":0,"457":0,"458":0,"459":0,"460":0,"461":0,"462":0,"463":1},"b":{"1":[1,0],"2":[1,1],"3":[0,0],"4":[0,0],"5":[0,0],"6":[0,6],"7":[1,0],"8":[0,0],"9":[17,17],"10":[17,0],"11":[1,1],"12":[1,1],"13":[0,4],"14":[4,4],"15":[0,0],"16":[0,0],"17":[0,0],"18":[0,0],"19":[0,0],"20":[0,0,0],"21":[0,1],"22":[1,0],"23":[1,1],"24":[1,0],"25":[1,0],"26":[0,1],"27":[1,0,0],"28":[0,0],"29":[0,0],"30":[0,0],"31":[0,0],"32":[0,0],"33":[0,0],"34":[0,0],"35":[0,0],"36":[0,0],"37":[0,0],"38":[0,0],"39":[0,0],"40":[0,0],"41":[0,0],"42":[0,0],"43":[0,0],"44":[0,0],"45":[0,0],"46":[0,0],"47":[0,0],"48":[0,0],"49":[0,0],"50":[0,0],"51":[0,0],"52":[0,0],"53":[0,0],"54":[0,0],"55":[0,0],"56":[0,0],"57":[0,0],"58":[0,0],"59":[0,0],"60":[0,0],"61":[0,0],"62":[0,0,0,0],"63":[0,0],"64":[0,0],"65":[0,0],"66":[0,0],"67":[0,0],"68":[0,0],"69":[0,0],"70":[1,0],"71":[1,0],"72":[0,0],"73":[0,0],"74":[0,0,0],"75":[0,0],"76":[0,0],"77":[0,0,0],"78":[0,0],"79":[0,0],"80":[0,0],"81":[0,0],"82":[0,0],"83":[0,0],"84":[0,0],"85":[0,0],"86":[0,0],"87":[36,27],"88":[0,0],"89":[0,0],"90":[0,0],"91":[0,0],"92":[0,0],"93":[0,0],"94":[0,0],"95":[0,0],"96":[1,0],"97":[0,1],"98":[1,0],"99":[0,1],"100":[1,0],"101":[1,0],"102":[0,2],"103":[1,1],"104":[1,0],"105":[1,0],"106":[0,2],"107":[2,2],"108":[2,0],"109":[27,27,27],"110":[1,26],"111":[0,27],"112":[27,0],"113":[1,26],"114":[27,1],"115":[27,27,26],"116":[27,27],"117":[27,1],"118":[1,1],"119":[1,0],"120":[0,1],"121":[2,1],"122":[1,1,0],"123":[0,0],"124":[0,26],"125":[0,26],"126":[5,0,9],"127":[0,0],"128":[0,0],"129":[0,0],"130":[0,0],"131":[27,27],"132":[1,26],"133":[27,0],"134":[0,27],"135":[27,27],"136":[3,3,3],"137":[1,1],"138":[1,1],"139":[0,0],"140":[0,0],"141":[0,0],"142":[0,0],"143":[0,0],"144":[0,0],"145":[0,0],"146":[1,1],"147":[0,27],"148":[27,12],"149":[27,26],"150":[0,0],"151":[0,0],"152":[0,0],"153":[0,0],"154":[0,0],"155":[0,0],"156":[0,0],"157":[0,0],"158":[0,0],"159":[0,0],"160":[0,0]},"f":{"1":1,"2":1,"3":1,"4":6,"5":1,"6":1,"7":0,"8":1,"9":2,"10":2,"11":4,"12":0,"13":0,"14":0,"15":1,"16":1,"17":0,"18":0,"19":0,"20":0,"21":0,"22":0,"23":0,"24":0,"25":0,"26":0,"27":0,"28":0,"29":0,"30":0,"31":0,"32":0,"33":0,"34":0,"35":0,"36":0,"37":0,"38":0,"39":0,"40":0,"41":1,"42":0,"43":0,"44":1,"45":0,"46":0,"47":0,"48":0,"49":0,"50":0,"51":0,"52":0,"53":0,"54":0,"55":0,"56":0,"57":1,"58":1,"59":1,"60":1,"61":63,"62":1,"63":0,"64":0,"65":0,"66":1,"67":1,"68":1,"69":1,"70":0,"71":2,"72":1,"73":81,"74":0,"75":1,"76":1,"77":1,"78":1,"79":2,"80":1,"81":1,"82":1,"83":26,"84":1,"85":0,"86":1,"87":26,"88":0,"89":0,"90":0,"91":0,"92":1,"93":0,"94":1,"95":1,"96":1,"97":1,"98":1,"99":0,"100":1,"101":0,"102":1,"103":81,"104":1,"105":0,"106":27,"107":3,"108":1,"109":1,"110":1,"111":0,"112":1,"113":1,"114":1,"115":1,"116":0,"117":1,"118":0,"119":1,"120":0,"121":1,"122":3,"123":27,"124":1,"125":0},"fnMap":{"1":{"name":"webpackUniversalModuleDefinition","line":1,"loc":{"start":{"line":1,"column":1},"end":{"line":1,"column":58}}},"2":{"name":"(anonymous_2)","line":10,"loc":{"start":{"line":10,"column":9},"end":{"line":10,"column":80}}},"3":{"name":"(anonymous_3)","line":11,"loc":{"start":{"line":11,"column":17},"end":{"line":11,"column":35}}},"4":{"name":"__webpack_require__","line":16,"loc":{"start":{"line":16,"column":10},"end":{"line":16,"column":49}}},"5":{"name":"(anonymous_5)","line":55,"loc":{"start":{"line":55,"column":7},"end":{"line":55,"column":54}}},"6":{"name":"(anonymous_6)","line":57,"loc":{"start":{"line":57,"column":29},"end":{"line":57,"column":47}}},"7":{"name":"(anonymous_7)","line":63,"loc":{"start":{"line":63,"column":33},"end":{"line":63,"column":51}}},"8":{"name":"(anonymous_8)","line":65,"loc":{"start":{"line":65,"column":20},"end":{"line":65,"column":32}}},"9":{"name":"defineProperties","line":65,"loc":{"start":{"line":65,"column":34},"end":{"line":65,"column":75}}},"10":{"name":"(anonymous_10)","line":65,"loc":{"start":{"line":65,"column":358},"end":{"line":65,"column":406}}},"11":{"name":"_interopRequireDefault","line":83,"loc":{"start":{"line":83,"column":1},"end":{"line":83,"column":38}}},"12":{"name":"_objectWithoutProperties","line":85,"loc":{"start":{"line":85,"column":1},"end":{"line":85,"column":46}}},"13":{"name":"_classCallCheck","line":87,"loc":{"start":{"line":87,"column":1},"end":{"line":87,"column":49}}},"14":{"name":"_possibleConstructorReturn","line":89,"loc":{"start":{"line":89,"column":1},"end":{"line":89,"column":49}}},"15":{"name":"_inherits","line":91,"loc":{"start":{"line":91,"column":1},"end":{"line":91,"column":42}}},"16":{"name":"(anonymous_16)","line":95,"loc":{"start":{"line":95,"column":16},"end":{"line":95,"column":44}}},"17":{"name":"onDocumentDragOver","line":100,"loc":{"start":{"line":100,"column":12},"end":{"line":100,"column":43}}},"18":{"name":"Dropzone","line":106,"loc":{"start":{"line":106,"column":3},"end":{"line":106,"column":37}}},"19":{"name":"(anonymous_19)","line":111,"loc":{"start":{"line":111,"column":28},"end":{"line":111,"column":48}}},"20":{"name":"componentDidMount","line":139,"loc":{"start":{"line":139,"column":12},"end":{"line":139,"column":41}}},"21":{"name":"componentWillUnmount","line":153,"loc":{"start":{"line":153,"column":12},"end":{"line":153,"column":44}}},"22":{"name":"onDocumentDrop","line":165,"loc":{"start":{"line":165,"column":12},"end":{"line":165,"column":39}}},"23":{"name":"onDragStart","line":175,"loc":{"start":{"line":175,"column":12},"end":{"line":175,"column":36}}},"24":{"name":"onDragEnter","line":182,"loc":{"start":{"line":182,"column":12},"end":{"line":182,"column":36}}},"25":{"name":"onDragOver","line":203,"loc":{"start":{"line":203,"column":12},"end":{"line":203,"column":35}}},"26":{"name":"onDragLeave","line":220,"loc":{"start":{"line":220,"column":12},"end":{"line":220,"column":36}}},"27":{"name":"(anonymous_27)","line":226,"loc":{"start":{"line":226,"column":50},"end":{"line":226,"column":64}}},"28":{"name":"onDrop","line":244,"loc":{"start":{"line":244,"column":12},"end":{"line":244,"column":31}}},"29":{"name":"(anonymous_29)","line":265,"loc":{"start":{"line":265,"column":24},"end":{"line":265,"column":40}}},"30":{"name":"onClick","line":305,"loc":{"start":{"line":305,"column":12},"end":{"line":305,"column":32}}},"31":{"name":"onFileDialogCancel","line":320,"loc":{"start":{"line":320,"column":12},"end":{"line":320,"column":42}}},"32":{"name":"(anonymous_32)","line":329,"loc":{"start":{"line":329,"column":20},"end":{"line":329,"column":32}}},"33":{"name":"setRef","line":341,"loc":{"start":{"line":341,"column":12},"end":{"line":341,"column":33}}},"34":{"name":"fileAccepted","line":346,"loc":{"start":{"line":346,"column":12},"end":{"line":346,"column":40}}},"35":{"name":"fileMatchSize","line":353,"loc":{"start":{"line":353,"column":12},"end":{"line":353,"column":41}}},"36":{"name":"allFilesAccepted","line":358,"loc":{"start":{"line":358,"column":12},"end":{"line":358,"column":45}}},"37":{"name":"open","line":370,"loc":{"start":{"line":370,"column":12},"end":{"line":370,"column":28}}},"38":{"name":"render","line":377,"loc":{"start":{"line":377,"column":12},"end":{"line":377,"column":30}}},"39":{"name":"ref","line":445,"loc":{"start":{"line":445,"column":14},"end":{"line":445,"column":31}}},"40":{"name":"(anonymous_40)","line":458,"loc":{"start":{"line":458,"column":27},"end":{"line":458,"column":43}}},"41":{"name":"(anonymous_41)","line":632,"loc":{"start":{"line":632,"column":7},"end":{"line":632,"column":33}}},"42":{"name":"defaultSetTimout","line":645,"loc":{"start":{"line":645,"column":1},"end":{"line":645,"column":29}}},"43":{"name":"defaultClearTimeout","line":648,"loc":{"start":{"line":648,"column":1},"end":{"line":648,"column":33}}},"44":{"name":"(anonymous_44)","line":651,"loc":{"start":{"line":651,"column":2},"end":{"line":651,"column":14}}},"45":{"name":"runTimeout","line":671,"loc":{"start":{"line":671,"column":1},"end":{"line":671,"column":26}}},"46":{"name":"runClearTimeout","line":696,"loc":{"start":{"line":696,"column":1},"end":{"line":696,"column":34}}},"47":{"name":"cleanUpNextTick","line":728,"loc":{"start":{"line":728,"column":1},"end":{"line":728,"column":28}}},"48":{"name":"drainQueue","line":743,"loc":{"start":{"line":743,"column":1},"end":{"line":743,"column":23}}},"49":{"name":"(anonymous_49)","line":767,"loc":{"start":{"line":767,"column":20},"end":{"line":767,"column":35}}},"50":{"name":"Item","line":781,"loc":{"start":{"line":781,"column":1},"end":{"line":781,"column":27}}},"51":{"name":"(anonymous_51)","line":785,"loc":{"start":{"line":785,"column":22},"end":{"line":785,"column":34}}},"52":{"name":"noop","line":795,"loc":{"start":{"line":795,"column":1},"end":{"line":795,"column":17}}},"53":{"name":"(anonymous_53)","line":805,"loc":{"start":{"line":805,"column":19},"end":{"line":805,"column":35}}},"54":{"name":"(anonymous_54)","line":809,"loc":{"start":{"line":809,"column":15},"end":{"line":809,"column":27}}},"55":{"name":"(anonymous_55)","line":810,"loc":{"start":{"line":810,"column":17},"end":{"line":810,"column":32}}},"56":{"name":"(anonymous_56)","line":813,"loc":{"start":{"line":813,"column":17},"end":{"line":813,"column":28}}},"57":{"name":"(anonymous_57)","line":818,"loc":{"start":{"line":818,"column":7},"end":{"line":818,"column":33}}},"58":{"name":"(anonymous_58)","line":824,"loc":{"start":{"line":824,"column":7},"end":{"line":824,"column":33}}},"59":{"name":"(anonymous_59)","line":830,"loc":{"start":{"line":830,"column":7},"end":{"line":830,"column":33}}},"60":{"name":"(anonymous_60)","line":832,"loc":{"start":{"line":832,"column":16},"end":{"line":832,"column":27}}},"61":{"name":"n","line":832,"loc":{"start":{"line":832,"column":28},"end":{"line":832,"column":41}}},"62":{"name":"(anonymous_62)","line":832,"loc":{"start":{"line":832,"column":215},"end":{"line":832,"column":230}}},"63":{"name":"(anonymous_63)","line":832,"loc":{"start":{"line":832,"column":283},"end":{"line":832,"column":296}}},"64":{"name":"(anonymous_64)","line":832,"loc":{"start":{"line":832,"column":312},"end":{"line":832,"column":322}}},"65":{"name":"(anonymous_65)","line":832,"loc":{"start":{"line":832,"column":427},"end":{"line":832,"column":438}}},"66":{"name":"(anonymous_66)","line":832,"loc":{"start":{"line":832,"column":641},"end":{"line":832,"column":654}}},"67":{"name":"(anonymous_67)","line":832,"loc":{"start":{"line":832,"column":720},"end":{"line":832,"column":733}}},"68":{"name":"(anonymous_68)","line":832,"loc":{"start":{"line":832,"column":907},"end":{"line":832,"column":922}}},"69":{"name":"(anonymous_69)","line":832,"loc":{"start":{"line":832,"column":972},"end":{"line":832,"column":985}}},"70":{"name":"(anonymous_70)","line":832,"loc":{"start":{"line":832,"column":993},"end":{"line":832,"column":1003}}},"71":{"name":"(anonymous_71)","line":832,"loc":{"start":{"line":832,"column":1036},"end":{"line":832,"column":1051}}},"72":{"name":"(anonymous_72)","line":832,"loc":{"start":{"line":832,"column":1385},"end":{"line":832,"column":1400}}},"73":{"name":"(anonymous_73)","line":832,"loc":{"start":{"line":832,"column":1436},"end":{"line":832,"column":1451}}},"74":{"name":"(anonymous_74)","line":832,"loc":{"start":{"line":832,"column":1482},"end":{"line":832,"column":1497}}},"75":{"name":"(anonymous_75)","line":832,"loc":{"start":{"line":832,"column":1516},"end":{"line":832,"column":1529}}},"76":{"name":"(anonymous_76)","line":832,"loc":{"start":{"line":832,"column":1814},"end":{"line":832,"column":1827}}},"77":{"name":"(anonymous_77)","line":832,"loc":{"start":{"line":832,"column":1862},"end":{"line":832,"column":1873}}},"78":{"name":"(anonymous_78)","line":832,"loc":{"start":{"line":832,"column":1942},"end":{"line":832,"column":1957}}},"79":{"name":"(anonymous_79)","line":832,"loc":{"start":{"line":832,"column":2001},"end":{"line":832,"column":2012}}},"80":{"name":"(anonymous_80)","line":832,"loc":{"start":{"line":832,"column":2067},"end":{"line":832,"column":2082}}},"81":{"name":"(anonymous_81)","line":832,"loc":{"start":{"line":832,"column":2116},"end":{"line":832,"column":2131}}},"82":{"name":"(anonymous_82)","line":832,"loc":{"start":{"line":832,"column":2170},"end":{"line":832,"column":2183}}},"83":{"name":"(anonymous_83)","line":832,"loc":{"start":{"line":832,"column":2194},"end":{"line":832,"column":2205}}},"84":{"name":"(anonymous_84)","line":832,"loc":{"start":{"line":832,"column":2282},"end":{"line":832,"column":2295}}},"85":{"name":"(anonymous_85)","line":832,"loc":{"start":{"line":832,"column":2324},"end":{"line":832,"column":2335}}},"86":{"name":"(anonymous_86)","line":832,"loc":{"start":{"line":832,"column":2367},"end":{"line":832,"column":2382}}},"87":{"name":"(anonymous_87)","line":832,"loc":{"start":{"line":832,"column":2405},"end":{"line":832,"column":2420}}},"88":{"name":"(anonymous_88)","line":832,"loc":{"start":{"line":832,"column":2473},"end":{"line":832,"column":2484}}},"89":{"name":"(anonymous_89)","line":832,"loc":{"start":{"line":832,"column":2519},"end":{"line":832,"column":2532}}},"90":{"name":"(anonymous_90)","line":832,"loc":{"start":{"line":832,"column":2569},"end":{"line":832,"column":2584}}},"91":{"name":"(anonymous_91)","line":832,"loc":{"start":{"line":832,"column":2616},"end":{"line":832,"column":2626}}},"92":{"name":"(anonymous_92)","line":832,"loc":{"start":{"line":832,"column":2658},"end":{"line":832,"column":2671}}},"93":{"name":"(anonymous_93)","line":832,"loc":{"start":{"line":832,"column":2682},"end":{"line":832,"column":2693}}},"94":{"name":"(anonymous_94)","line":832,"loc":{"start":{"line":832,"column":2762},"end":{"line":832,"column":2777}}},"95":{"name":"(anonymous_95)","line":832,"loc":{"start":{"line":832,"column":2788},"end":{"line":832,"column":2799}}},"96":{"name":"(anonymous_96)","line":832,"loc":{"start":{"line":832,"column":2901},"end":{"line":832,"column":2914}}},"97":{"name":"(anonymous_97)","line":832,"loc":{"start":{"line":832,"column":2925},"end":{"line":832,"column":2936}}},"98":{"name":"(anonymous_98)","line":832,"loc":{"start":{"line":832,"column":2974},"end":{"line":832,"column":2987}}},"99":{"name":"(anonymous_99)","line":832,"loc":{"start":{"line":832,"column":2998},"end":{"line":832,"column":3009}}},"100":{"name":"(anonymous_100)","line":832,"loc":{"start":{"line":832,"column":3067},"end":{"line":832,"column":3082}}},"101":{"name":"(anonymous_101)","line":832,"loc":{"start":{"line":832,"column":3129},"end":{"line":832,"column":3140}}},"102":{"name":"(anonymous_102)","line":832,"loc":{"start":{"line":832,"column":3201},"end":{"line":832,"column":3214}}},"103":{"name":"(anonymous_103)","line":832,"loc":{"start":{"line":832,"column":3225},"end":{"line":832,"column":3238}}},"104":{"name":"(anonymous_104)","line":832,"loc":{"start":{"line":832,"column":3311},"end":{"line":832,"column":3326}}},"105":{"name":"(anonymous_105)","line":832,"loc":{"start":{"line":832,"column":3423},"end":{"line":832,"column":3434}}},"106":{"name":"(anonymous_106)","line":832,"loc":{"start":{"line":832,"column":3464},"end":{"line":832,"column":3481}}},"107":{"name":"(anonymous_107)","line":832,"loc":{"start":{"line":832,"column":3629},"end":{"line":832,"column":3639}}},"108":{"name":"(anonymous_108)","line":832,"loc":{"start":{"line":832,"column":3696},"end":{"line":832,"column":3711}}},"109":{"name":"(anonymous_109)","line":832,"loc":{"start":{"line":832,"column":3774},"end":{"line":832,"column":3785}}},"110":{"name":"(anonymous_110)","line":832,"loc":{"start":{"line":832,"column":3811},"end":{"line":832,"column":3826}}},"111":{"name":"(anonymous_111)","line":832,"loc":{"start":{"line":832,"column":3857},"end":{"line":832,"column":3872}}},"112":{"name":"(anonymous_112)","line":832,"loc":{"start":{"line":832,"column":3957},"end":{"line":832,"column":3972}}},"113":{"name":"(anonymous_113)","line":832,"loc":{"start":{"line":832,"column":3990},"end":{"line":832,"column":4000}}},"114":{"name":"(anonymous_114)","line":832,"loc":{"start":{"line":832,"column":4045},"end":{"line":832,"column":4055}}},"115":{"name":"(anonymous_115)","line":832,"loc":{"start":{"line":832,"column":4073},"end":{"line":832,"column":4086}}},"116":{"name":"(anonymous_116)","line":832,"loc":{"start":{"line":832,"column":4126},"end":{"line":832,"column":4137}}},"117":{"name":"(anonymous_117)","line":832,"loc":{"start":{"line":832,"column":4174},"end":{"line":832,"column":4189}}},"118":{"name":"(anonymous_118)","line":832,"loc":{"start":{"line":832,"column":4223},"end":{"line":832,"column":4234}}},"119":{"name":"(anonymous_119)","line":832,"loc":{"start":{"line":832,"column":4275},"end":{"line":832,"column":4290}}},"120":{"name":"(anonymous_120)","line":832,"loc":{"start":{"line":832,"column":4390},"end":{"line":832,"column":4401}}},"121":{"name":"(anonymous_121)","line":832,"loc":{"start":{"line":832,"column":4568},"end":{"line":832,"column":4583}}},"122":{"name":"(anonymous_122)","line":832,"loc":{"start":{"line":832,"column":4629},"end":{"line":832,"column":4642}}},"123":{"name":"(anonymous_123)","line":832,"loc":{"start":{"line":832,"column":4668},"end":{"line":832,"column":4679}}},"124":{"name":"(anonymous_124)","line":836,"loc":{"start":{"line":836,"column":7},"end":{"line":836,"column":33}}},"125":{"name":"getDataTransferFiles","line":844,"loc":{"start":{"line":844,"column":1},"end":{"line":844,"column":38}}}},"statementMap":{"1":{"start":{"line":1,"column":0},"end":{"line":872,"column":3}},"2":{"start":{"line":2,"column":1},"end":{"line":9,"column":64}},"3":{"start":{"line":3,"column":2},"end":{"line":3,"column":68}},"4":{"start":{"line":4,"column":6},"end":{"line":9,"column":64}},"5":{"start":{"line":5,"column":2},"end":{"line":5,"column":43}},"6":{"start":{"line":6,"column":6},"end":{"line":9,"column":64}},"7":{"start":{"line":7,"column":2},"end":{"line":7,"column":73}},"8":{"start":{"line":9,"column":2},"end":{"line":9,"column":64}},"9":{"start":{"line":11,"column":0},"end":{"line":871,"column":11}},"10":{"start":{"line":13,"column":10},"end":{"line":13,"column":36}},"11":{"start":{"line":16,"column":10},"end":{"line":37,"column":11}},"12":{"start":{"line":19,"column":11},"end":{"line":20,"column":54}},"13":{"start":{"line":20,"column":12},"end":{"line":20,"column":54}},"14":{"start":{"line":23,"column":11},"end":{"line":27,"column":13}},"15":{"start":{"line":30,"column":11},"end":{"line":30,"column":95}},"16":{"start":{"line":33,"column":11},"end":{"line":33,"column":32}},"17":{"start":{"line":36,"column":11},"end":{"line":36,"column":33}},"18":{"start":{"line":41,"column":10},"end":{"line":41,"column":42}},"19":{"start":{"line":44,"column":10},"end":{"line":44,"column":51}},"20":{"start":{"line":47,"column":10},"end":{"line":47,"column":37}},"21":{"start":{"line":50,"column":10},"end":{"line":50,"column":40}},"22":{"start":{"line":57,"column":28},"end":{"line":628,"column":68}},"23":{"start":{"line":59,"column":1},"end":{"line":61,"column":4}},"24":{"start":{"line":63,"column":1},"end":{"line":63,"column":258}},"25":{"start":{"line":63,"column":53},"end":{"line":63,"column":240}},"26":{"start":{"line":63,"column":98},"end":{"line":63,"column":124}},"27":{"start":{"line":63,"column":125},"end":{"line":63,"column":238}},"28":{"start":{"line":63,"column":151},"end":{"line":63,"column":236}},"29":{"start":{"line":63,"column":208},"end":{"line":63,"column":234}},"30":{"start":{"line":63,"column":241},"end":{"line":63,"column":255}},"31":{"start":{"line":65,"column":1},"end":{"line":65,"column":565}},"32":{"start":{"line":65,"column":34},"end":{"line":65,"column":350}},"33":{"start":{"line":65,"column":77},"end":{"line":65,"column":348}},"34":{"start":{"line":65,"column":118},"end":{"line":65,"column":144}},"35":{"start":{"line":65,"column":145},"end":{"line":65,"column":200}},"36":{"start":{"line":65,"column":201},"end":{"line":65,"column":232}},"37":{"start":{"line":65,"column":233},"end":{"line":65,"column":287}},"38":{"start":{"line":65,"column":260},"end":{"line":65,"column":287}},"39":{"start":{"line":65,"column":288},"end":{"line":65,"column":346}},"40":{"start":{"line":65,"column":351},"end":{"line":65,"column":560}},"41":{"start":{"line":65,"column":408},"end":{"line":65,"column":476}},"42":{"start":{"line":65,"column":424},"end":{"line":65,"column":476}},"43":{"start":{"line":65,"column":477},"end":{"line":65,"column":537}},"44":{"start":{"line":65,"column":494},"end":{"line":65,"column":537}},"45":{"start":{"line":65,"column":538},"end":{"line":65,"column":557}},"46":{"start":{"line":67,"column":1},"end":{"line":67,"column":37}},"47":{"start":{"line":69,"column":1},"end":{"line":69,"column":46}},"48":{"start":{"line":71,"column":1},"end":{"line":71,"column":41}},"49":{"start":{"line":73,"column":1},"end":{"line":73,"column":54}},"50":{"start":{"line":75,"column":1},"end":{"line":75,"column":42}},"51":{"start":{"line":77,"column":1},"end":{"line":77,"column":56}},"52":{"start":{"line":79,"column":1},"end":{"line":79,"column":52}},"53":{"start":{"line":81,"column":1},"end":{"line":81,"column":76}},"54":{"start":{"line":83,"column":1},"end":{"line":83,"column":96}},"55":{"start":{"line":83,"column":40},"end":{"line":83,"column":94}},"56":{"start":{"line":85,"column":1},"end":{"line":85,"column":221}},"57":{"start":{"line":85,"column":48},"end":{"line":85,"column":64}},"58":{"start":{"line":85,"column":65},"end":{"line":85,"column":204}},"59":{"start":{"line":85,"column":86},"end":{"line":85,"column":121}},"60":{"start":{"line":85,"column":112},"end":{"line":85,"column":121}},"61":{"start":{"line":85,"column":122},"end":{"line":85,"column":182}},"62":{"start":{"line":85,"column":173},"end":{"line":85,"column":182}},"63":{"start":{"line":85,"column":183},"end":{"line":85,"column":202}},"64":{"start":{"line":85,"column":205},"end":{"line":85,"column":219}},"65":{"start":{"line":87,"column":1},"end":{"line":87,"column":154}},"66":{"start":{"line":87,"column":51},"end":{"line":87,"column":152}},"67":{"start":{"line":87,"column":93},"end":{"line":87,"column":150}},"68":{"start":{"line":89,"column":1},"end":{"line":89,"column":241}},"69":{"start":{"line":89,"column":51},"end":{"line":89,"column":152}},"70":{"start":{"line":89,"column":64},"end":{"line":89,"column":150}},"71":{"start":{"line":89,"column":153},"end":{"line":89,"column":239}},"72":{"start":{"line":91,"column":1},"end":{"line":91,"column":495}},"73":{"start":{"line":91,"column":44},"end":{"line":91,"column":209}},"74":{"start":{"line":91,"column":107},"end":{"line":91,"column":207}},"75":{"start":{"line":91,"column":210},"end":{"line":91,"column":374}},"76":{"start":{"line":91,"column":375},"end":{"line":91,"column":493}},"77":{"start":{"line":91,"column":391},"end":{"line":91,"column":493}},"78":{"start":{"line":93,"column":1},"end":{"line":93,"column":148}},"79":{"start":{"line":95,"column":1},"end":{"line":483,"column":30}},"80":{"start":{"line":96,"column":3},"end":{"line":96,"column":41}},"81":{"start":{"line":98,"column":3},"end":{"line":104,"column":7}},"82":{"start":{"line":102,"column":7},"end":{"line":102,"column":26}},"83":{"start":{"line":106,"column":3},"end":{"line":135,"column":4}},"84":{"start":{"line":107,"column":5},"end":{"line":107,"column":37}},"85":{"start":{"line":109,"column":5},"end":{"line":109,"column":134}},"86":{"start":{"line":111,"column":5},"end":{"line":116,"column":7}},"87":{"start":{"line":112,"column":7},"end":{"line":114,"column":8}},"88":{"start":{"line":113,"column":9},"end":{"line":113,"column":38}},"89":{"start":{"line":115,"column":7},"end":{"line":115,"column":23}},"90":{"start":{"line":118,"column":5},"end":{"line":118,"column":47}},"91":{"start":{"line":119,"column":5},"end":{"line":119,"column":61}},"92":{"start":{"line":120,"column":5},"end":{"line":120,"column":55}},"93":{"start":{"line":121,"column":5},"end":{"line":121,"column":55}},"94":{"start":{"line":122,"column":5},"end":{"line":122,"column":55}},"95":{"start":{"line":123,"column":5},"end":{"line":123,"column":53}},"96":{"start":{"line":124,"column":5},"end":{"line":124,"column":45}},"97":{"start":{"line":125,"column":5},"end":{"line":125,"column":69}},"98":{"start":{"line":126,"column":5},"end":{"line":126,"column":57}},"99":{"start":{"line":127,"column":5},"end":{"line":127,"column":45}},"100":{"start":{"line":128,"column":5},"end":{"line":128,"column":38}},"101":{"start":{"line":129,"column":5},"end":{"line":133,"column":7}},"102":{"start":{"line":134,"column":5},"end":{"line":134,"column":18}},"103":{"start":{"line":137,"column":3},"end":{"line":480,"column":7}},"104":{"start":{"line":140,"column":7},"end":{"line":140,"column":68}},"105":{"start":{"line":142,"column":7},"end":{"line":142,"column":29}},"106":{"start":{"line":144,"column":7},"end":{"line":147,"column":8}},"107":{"start":{"line":145,"column":9},"end":{"line":145,"column":83}},"108":{"start":{"line":146,"column":9},"end":{"line":146,"column":71}},"109":{"start":{"line":149,"column":7},"end":{"line":149,"column":55}},"110":{"start":{"line":154,"column":7},"end":{"line":154,"column":68}},"111":{"start":{"line":156,"column":7},"end":{"line":159,"column":8}},"112":{"start":{"line":157,"column":9},"end":{"line":157,"column":79}},"113":{"start":{"line":158,"column":9},"end":{"line":158,"column":67}},"114":{"start":{"line":161,"column":7},"end":{"line":161,"column":36}},"115":{"start":{"line":166,"column":7},"end":{"line":169,"column":8}},"116":{"start":{"line":168,"column":9},"end":{"line":168,"column":16}},"117":{"start":{"line":170,"column":7},"end":{"line":170,"column":26}},"118":{"start":{"line":171,"column":7},"end":{"line":171,"column":29}},"119":{"start":{"line":176,"column":7},"end":{"line":178,"column":8}},"120":{"start":{"line":177,"column":9},"end":{"line":177,"column":46}},"121":{"start":{"line":183,"column":7},"end":{"line":183,"column":26}},"122":{"start":{"line":186,"column":7},"end":{"line":188,"column":8}},"123":{"start":{"line":187,"column":9},"end":{"line":187,"column":41}},"124":{"start":{"line":190,"column":7},"end":{"line":190,"column":113}},"125":{"start":{"line":192,"column":7},"end":{"line":195,"column":10}},"126":{"start":{"line":197,"column":7},"end":{"line":199,"column":8}},"127":{"start":{"line":198,"c
[...]
er: _propTypes2.default.func,","\t","\t  /**","\t   * onDragOver callback","\t   */","\t  onDragOver: _propTypes2.default.func,","\t","\t  /**","\t   * onDragLeave callback","\t   */","\t  onDragLeave: _propTypes2.default.func,","\t","\t  /**","\t   * Provide a callback on clicking the cancel button of the file dialog","\t   */","\t  onFileDialogCancel: _propTypes2.default.func","\t};","\t","\tDropzone.defaultProps = {","\t  preventDropOnDocument: true,","\t  disablePreview: false,","\t  disableClick: false,","\t  multiple: true,","\t  maxSize: Infinity,","\t  minSize: 0","\t};","\t","\texports.default = Dropzone;","\tmodule.exports = exports['default'];","\t/* WEBPACK VAR INJECTION */}.call(exports, __webpack_require__(1)))","","/***/ }),","/* 1 */","/***/ (function(module, exports) {","","\t// shim for using process in browser","\tvar process = module.exports = {};","\t","\t// cached from whatever global is present so that test runners that stub it","\t// don't break things.  But we need to wrap it in a try catch in case it is","\t// wrapped in strict mode code which doesn't define any globals.  It's inside a","\t// function because try/catches deoptimize in certain engines.","\t","\tvar cachedSetTimeout;","\tvar cachedClearTimeout;","\t","\tfunction defaultSetTimout() {","\t    throw new Error('setTimeout has not been defined');","\t}","\tfunction defaultClearTimeout () {","\t    throw new Error('clearTimeout has not been defined');","\t}","\t(function () {","\t    try {","\t        if (typeof setTimeout === 'function') {","\t            cachedSetTimeout = setTimeout;","\t        } else {","\t            cachedSetTimeout = defaultSetTimout;","\t        }","\t    } catch (e) {","\t        cachedSetTimeout = defaultSetTimout;","\t    }","\t    try {","\t        if (typeof clearTimeout === 'function') {","\t            cachedClearTimeout = clearTimeout;","\t        } else {","\t            cachedClearTimeout = defaultClearTimeout;","\t        }","\t    } catch (e) {","\t        cachedClearTimeout = defaultClearTimeout;","\t    }","\t} ())","\tfunction runTimeout(fun) {","\t    if (cachedSetTimeout === setTimeout) {","\t        //normal enviroments in sane situations","\t        return setTimeout(fun, 0);","\t    }","\t    // if setTimeout wasn't available but was latter defined","\t    if ((cachedSetTimeout === defaultSetTimout || !cachedSetTimeout) && setTimeout) {","\t        cachedSetTimeout = setTimeout;","\t        return setTimeout(fun, 0);","\t    }","\t    try {","\t        // when when somebody has screwed with setTimeout but no I.E. maddness","\t        return cachedSetTimeout(fun, 0);","\t    } catch(e){","\t        try {","\t            // When we are in I.E. but the script has been evaled so I.E. doesn't trust the global object when called normally","\t            return cachedSetTimeout.call(null, fun, 0);","\t        } catch(e){","\t            // same as above but when it's a version of I.E. that must have the global object for 'this', hopfully our context correct otherwise it will throw a global error","\t            return cachedSetTimeout.call(this, fun, 0);","\t        }","\t    }","\t","\t","\t}","\tfunction runClearTimeout(marker) {","\t    if (cachedClearTimeout === clearTimeout) {","\t        //normal enviroments in sane situations","\t        return clearTimeout(marker);","\t    }","\t    // if clearTimeout wasn't available but was latter defined","\t    if ((cachedClearTimeout === defaultClearTimeout || !cachedClearTimeout) && clearTimeout) {","\t        cachedClearTimeout = clearTimeout;","\t        return clearTimeout(marker);","\t    }","\t    try {","\t        // when when somebody has screwed with setTimeout but no I.E. maddness","\t        return cachedClearTimeout(marker);","\t    } catch (e){","\t        try {","\t            // When we are in I.E. but the script has been evaled so I.E. doesn't  trust the global object when called normally","\t            return cachedClearTimeout.call(null, marker);","\t        } catch (e){","\t            // same as above but when it's a version of I.E. that must have the global object for 'this', hopfully our context correct otherwise it will throw a global error.","\t            // Some versions of I.E. have different rules for clearTimeout vs setTimeout","\t            return cachedClearTimeout.call(this, marker);","\t        }","\t    }","\t","\t","\t","\t}","\tvar queue = [];","\tvar draining = false;","\tvar currentQueue;","\tvar queueIndex = -1;","\t","\tfunction cleanUpNextTick() {","\t    if (!draining || !currentQueue) {","\t        return;","\t    }","\t    draining = false;","\t    if (currentQueue.length) {","\t        queue = currentQueue.concat(queue);","\t    } else {","\t        queueIndex = -1;","\t    }","\t    if (queue.length) {","\t        drainQueue();","\t    }","\t}","\t","\tfunction drainQueue() {","\t    if (draining) {","\t        return;","\t    }","\t    var timeout = runTimeout(cleanUpNextTick);","\t    draining = true;","\t","\t    var len = queue.length;","\t    while(len) {","\t        currentQueue = queue;","\t        queue = [];","\t        while (++queueIndex < len) {","\t            if (currentQueue) {","\t                currentQueue[queueIndex].run();","\t            }","\t        }","\t        queueIndex = -1;","\t        len = queue.length;","\t    }","\t    currentQueue = null;","\t    draining = false;","\t    runClearTimeout(timeout);","\t}","\t","\tprocess.nextTick = function (fun) {","\t    var args = new Array(arguments.length - 1);","\t    if (arguments.length > 1) {","\t        for (var i = 1; i < arguments.length; i++) {","\t            args[i - 1] = arguments[i];","\t        }","\t    }","\t    queue.push(new Item(fun, args));","\t    if (queue.length === 1 && !draining) {","\t        runTimeout(drainQueue);","\t    }","\t};","\t","\t// v8 likes predictible objects","\tfunction Item(fun, array) {","\t    this.fun = fun;","\t    this.array = array;","\t}","\tItem.prototype.run = function () {","\t    this.fun.apply(null, this.array);","\t};","\tprocess.title = 'browser';","\tprocess.browser = true;","\tprocess.env = {};","\tprocess.argv = [];","\tprocess.version = ''; // empty string to avoid regexp issues","\tprocess.versions = {};","\t","\tfunction noop() {}","\t","\tprocess.on = noop;","\tprocess.addListener = noop;","\tprocess.once = noop;","\tprocess.off = noop;","\tprocess.removeListener = noop;","\tprocess.removeAllListeners = noop;","\tprocess.emit = noop;","\t","\tprocess.binding = function (name) {","\t    throw new Error('process.binding is not supported');","\t};","\t","\tprocess.cwd = function () { return '/' };","\tprocess.chdir = function (dir) {","\t    throw new Error('process.chdir is not supported');","\t};","\tprocess.umask = function() { return 0; };","","","/***/ }),","/* 2 */","/***/ (function(module, exports) {","","\tmodule.exports = __WEBPACK_EXTERNAL_MODULE_2__;","","/***/ }),","/* 3 */","/***/ (function(module, exports) {","","\tmodule.exports = __WEBPACK_EXTERNAL_MODULE_3__;","","/***/ }),","/* 4 */","/***/ (function(module, exports) {","","\tmodule.exports=function(t){function n(e){if(r[e])return r[e].exports;var o=r[e]={exports:{},id:e,loaded:!1};return t[e].call(o.exports,o,o.exports,n),o.loaded=!0,o.exports}var r={};return n.m=t,n.c=r,n.p=\"\",n(0)}([function(t,n,r){\"use strict\";n.__esModule=!0,r(8),r(9),n[\"default\"]=function(t,n){if(t&&n){var r=function(){var r=Array.isArray(n)?n:n.split(\",\"),e=t.name||\"\",o=t.type||\"\",i=o.replace(/\\/.*$/,\"\");return{v:r.some(function(t){var n=t.trim();return\".\"===n.charAt(0)?e.toLowerCase().endsWith(n.toLowerCase()):/\\/\\*$/.test(n)?i===n.replace(/\\/.*$/,\"\"):o===n})}}();if(\"object\"==typeof r)return r.v}return!0},t.exports=n[\"default\"]},function(t,n){var r=t.exports={version:\"1.2.2\"};\"number\"==typeof __e&&(__e=r)},function(t,n){var r=t.exports=\"undefined\"!=typeof window&&window.Math==Math?window:\"undefined\"!=typeof self&&self.Math==Math?self:Function(\"return this\")();\"number\"==typeof __g&&(__g=r)},function(t,n,r){var e=r(2),o=r(1),i=r(4),u=r(19),c=\"prototype\",f=function(t,n){return function(){return t.apply(n,arguments)}},s=function(t,n,r){var a,p,l,y,d=t&s.G,h=t&s.P,v=d?e:t&s.S?e[n]||(e[n]={}):(e[n]||{})[c],x=d?o:o[n]||(o[n]={});d&&(r=n);for(a in r)p=!(t&s.F)&&v&&a in v,l=(p?v:r)[a],y=t&s.B&&p?f(l,e):h&&\"function\"==typeof l?f(Function.call,l):l,v&&!p&&u(v,a,l),x[a]!=l&&i(x,a,y),h&&((x[c]||(x[c]={}))[a]=l)};e.core=o,s.F=1,s.G=2,s.S=4,s.P=8,s.B=16,s.W=32,t.exports=s},function(t,n,r){var e=r(5),o=r(18);t.exports=r(22)?function(t,n,r){return e.setDesc(t,n,o(1,r))}:function(t,n,r){return t[n]=r,t}},function(t,n){var r=Object;t.exports={create:r.create,getProto:r.getPrototypeOf,isEnum:{}.propertyIsEnumerable,getDesc:r.getOwnPropertyDescriptor,setDesc:r.defineProperty,setDescs:r.defineProperties,getKeys:r.keys,getNames:r.getOwnPropertyNames,getSymbols:r.getOwnPropertySymbols,each:[].forEach}},function(t,n){var r=0,e=Math.random();t.exports=function(t){return\"Symbol(\".concat(void 0===t?\"\":t,\")_\",(++r+e).toString(36))}},function(t,n,r){var e=r(20)(\"wks\"),o=r(2).Symbol;t.exports=function(t){return e[t]||(e[t]=o&&o[t]||(o||r(6))(\"Symbol.\"+t))}},function(t,n,r){r(26),t.exports=r(1).Array.some},function(t,n,r){r(25),t.exports=r(1).String.endsWith},function(t,n){t.exports=function(t){if(\"function\"!=typeof t)throw TypeError(t+\" is not a function!\");return t}},function(t,n){var r={}.toString;t.exports=function(t){return r.call(t).slice(8,-1)}},function(t,n,r){var e=r(10);t.exports=function(t,n,r){if(e(t),void 0===n)return t;switch(r){case 1:return function(r){return t.call(n,r)};case 2:return function(r,e){return t.call(n,r,e)};case 3:return function(r,e,o){return t.call(n,r,e,o)}}return function(){return t.apply(n,arguments)}}},function(t,n){t.exports=function(t){if(void 0==t)throw TypeError(\"Can't call method on  \"+t);return t}},function(t,n,r){t.exports=function(t){var n=/./;try{\"/./\"[t](n)}catch(e){try{return n[r(7)(\"match\")]=!1,!\"/./\"[t](n)}catch(o){}}return!0}},function(t,n){t.exports=function(t){try{return!!t()}catch(n){return!0}}},function(t,n){t.exports=function(t){return\"object\"==typeof t?null!==t:\"function\"==typeof t}},function(t,n,r){var e=r(16),o=r(11),i=r(7)(\"match\");t.exports=function(t){var n;return e(t)&&(void 0!==(n=t[i])?!!n:\"RegExp\"==o(t))}},function(t,n){t.exports=function(t,n){return{enumerable:!(1&t),configurable:!(2&t),writable:!(4&t),value:n}}},function(t,n,r){var e=r(2),o=r(4),i=r(6)(\"src\"),u=\"toString\",c=Function[u],f=(\"\"+c).split(u);r(1).inspectSource=function(t){return c.call(t)},(t.exports=function(t,n,r,u){\"function\"==typeof r&&(o(r,i,t[n]?\"\"+t[n]:f.join(String(n))),\"name\"in r||(r.name=n)),t===e?t[n]=r:(u||delete t[n],o(t,n,r))})(Function.prototype,u,function(){return\"function\"==typeof this&&this[i]||c.call(this)})},function(t,n,r){var e=r(2),o=\"__core-js_shared__\",i=e[o]||(e[o]={});t.exports=function(t){return i[t]||(i[t]={})}},function(t,n,r){var e=r(17),o=r(13);t.exports=function(t,n,r){if(e(n))throw TypeError(\"String#\"+r+\" doesn't accept regex!\");return String(o(t))}},function(t,n,r){t.exports=!r(15)(function(){return 7!=Object.defineProperty({},\"a\",{get:function(){return 7}}).a})},function(t,n){var r=Math.ceil,e=Math.floor;t.exports=function(t){return isNaN(t=+t)?0:(t>0?e:r)(t)}},function(t,n,r){var e=r(23),o=Math.min;t.exports=function(t){return t>0?o(e(t),9007199254740991):0}},function(t,n,r){\"use strict\";var e=r(3),o=r(24),i=r(21),u=\"endsWith\",c=\"\"[u];e(e.P+e.F*r(14)(u),\"String\",{endsWith:function(t){var n=i(this,t,u),r=arguments,e=r.length>1?r[1]:void 0,f=o(n.length),s=void 0===e?f:Math.min(o(e),f),a=String(t);return c?c.call(n,a,s):n.slice(s-a.length,s)===a}})},function(t,n,r){var e=r(5),o=r(3),i=r(1).Array||Array,u={},c=function(t,n){e.each.call(t.split(\",\"),function(t){void 0==n&&t in i?u[t]=i[t]:t in[]&&(u[t]=r(12)(Function.call,[][t],n))})};c(\"pop,reverse,shift,keys,values,entries\",1),c(\"indexOf,every,some,forEach,map,filter,find,findIndex,includes\",3),c(\"join,slice,concat,push,splice,unshift,sort,lastIndexOf,reduce,reduceRight,copyWithin,fill\"),o(o.S,\"Array\",u)}]);","","/***/ }),","/* 5 */","/***/ (function(module, exports) {","","\t\"use strict\";","\t","\tObject.defineProperty(exports, \"__esModule\", {","\t  value: true","\t});","\texports.default = getDataTransferFiles;","\tfunction getDataTransferFiles(event) {","\t  var isMultipleAllowed = arguments.length > 1 && arguments[1] !== undefined ? arguments[1] : true;","\t","\t  var dataTransferItemsList = [];","\t  if (event.dataTransfer) {","\t    var dt = event.dataTransfer;","\t    if (dt.files && dt.files.length) {","\t      dataTransferItemsList = dt.files;","\t    } else if (dt.items && dt.items.length) {","\t      // During the drag even the dataTransfer.files is null","\t      // but Chrome implements some drag store, which is accesible via dataTransfer.items","\t      dataTransferItemsList = dt.items;","\t    }","\t  } else if (event.target && event.target.files) {","\t    dataTransferItemsList = event.target.files;","\t  }","\t","\t  if (dataTransferItemsList.length > 0) {","\t    dataTransferItemsList = isMultipleAllowed ? dataTransferItemsList : [dataTransferItemsList[0]];","\t  }","\t","\t  // Convert from DataTransferItemsList to the native Array","\t  return Array.prototype.slice.call(dataTransferItemsList);","\t}","\tmodule.exports = exports[\"default\"];","","/***/ })","/******/ ])","});",";","//# sourceMappingURL=index.js.map"],"l":{"1":1,"2":1,"3":1,"4":0,"5":0,"6":0,"7":0,"9":0,"11":1,"13":1,"16":1,"19":6,"20":0,"23":6,"30":6,"33":6,"36":6,"41":1,"44":1,"47":1,"50":1,"57":1,"59":1,"63":1,"65":17,"67":1,"69":1,"71":1,"73":1,"75":1,"77":1,"79":1,"81":1,"83":4,"85":1,"87":1,"89":1,"91":1,"93":1,"95":1,"96":1,"98":1,"102":0,"106":1,"107":0,"109":0,"111":0,"112":0,"113":0,"115":0,"118":0,"119":0,"120":0,"121":0,"122":0,"123":0,"124":0,"125":0,"126":0,"127":0,"128":0,"129":0,"134":0,"137":1,"140":0,"142":0,"144":0,"145":0,"146":0,"149":0,"154":0,"156":0,"157":0,"158":0,"161":0,"166":0,"168":0,"170":0,"171":0,"176":0,"177":0,"183":0,"186":0,"187":0,"190":0,"192":0,"197":0,"198":0,"205":0,"206":0,"207":0,"208":0,"213":0,"214":0,"216":0,"221":0,"223":0,"226":0,"227":0,"229":0,"230":0,"233":0,"238":0,"239":0,"245":0,"247":0,"254":0,"255":0,"256":0,"259":0,"262":0,"263":0,"265":0,"266":0,"267":0,"268":0,"270":0,"271":0,"276":0,"277":0,"279":0,"283":0,"284":0,"287":0,"288":0,"291":0,"292":0,"296":0,"306":0,"310":0,"311":0,"312":0,"313":0,"314":0,"322":0,"323":0,"324":0,"328":0,"329":0,"331":0,"332":0,"333":0,"334":0,"342":0,"349":0,"354":0,"359":0,"371":0,"372":0,"373":0,"378":0,"380":0,"390":0,"396":0,"401":0,"403":0,"404":0,"406":0,"407":0,"410":0,"411":0,"419":0,"424":0,"431":0,"432":0,"433":0,"434":0,"435":0,"437":0,"440":0,"446":0,"451":0,"452":0,"456":0,"457":0,"458":0,"459":0,"462":0,"482":1,"485":1,"617":1,"626":1,"627":1,"635":1,"642":1,"643":1,"645":1,"646":0,"648":1,"649":0,"651":1,"652":1,"653":1,"654":1,"656":0,"659":0,"661":1,"662":1,"663":1,"665":0,"668":0,"671":1,"672":0,"674":0,"677":0,"678":0,"679":0,"681":0,"683":0,"685":0,"687":0,"690":0,"696":1,"697":0,"699":0,"702":0,"703":0,"704":0,"706":0,"708":0,"710":0,"712":0,"716":0,"723":1,"724":1,"725":1,"726":1,"728":1,"729":0,"730":0,"732":0,"733":0,"734":0,"736":0,"738":0,"739":0,"743":1,"744":0,"745":0,"747":0,"748":0,"750":0,"751":0,"752":0,"753":0,"754":0,"755":0,"756":0,"759":0,"760":0,"762":0,"763":0,"764":0,"767":1,"768":0,"769":0,"770":0,"771":0,"774":0,"775":0,"776":0,"781":1,"782":0,"783":0,"785":1,"786":0,"788":1,"789":1,"790":1,"791":1,"792":1,"793":1,"795":1,"797":1,"798":1,"799":1,"800":1,"801":1,"802":1,"803":1,"805":1,"806":0,"809":1,"810":1,"811":0,"813":1,"820":1,"826":1,"832":81,"840":1,"843":1,"844":1,"845":0,"847":0,"848":0,"849":0,"850":0,"851":0,"852":0,"855":0,"857":0,"858":0,"861":0,"862":0,"866":0,"868":1}},"/home/travis/build/npmtest/node-npmtest-react-dropzone/node_modules/react-dropzone/styleguide.config.js":{"path":"/home/travis/build/npmtest/node-npmtest-react-dropzone/node_modules/react-dropzone/styleguide.config.js","s":{"1":1,"2":1},"b":{},"f":{},"fnMap":{},"statementMap":{"1":{"start":{"line":1,"column":0},"end":{"line":1,"column":29}},"2":{"start":{"line":3,"column":0},"end":{"line":24,"column":2}}},"branchMap":{},"code":["const path = require('path');","","module.exports = {","  title: 'react-dropzone',","  styleguideDir: path.join(__dirname, 'styleguide'),","  showCode: false,","  showSidebar: false,","  serverPort: 8080,","  sections: [","    {","      content: 'README.md'","    },","    {","      components: './src/index.js'","    },","    {","      name: 'Examples',","      components: './examples/**/*.js',","      context: {","        Dropzone: './src/index'","      }","    }","  ]","};",""],"l":{"1":1,"3":1}},"/home/travis/build/npmtest/node-npmtest-react-dropzone/node_modules/react-dropzone/testSetup.js":{"path":"/home/travis/build/npmtest/node-npmtest-react-dropzone/node_modules/react-dropzone/testSetup.js","s":{"1":2,"2":0},"b":{},"f":{"1":0},"fnMap":{"1":{"name":"createObjectURL","line":4,"loc":{"start":{"line":4,"column":19},"end":{"line":4,"column":49}}}},"statementMap":{"1":{"start":{"line":3,"column":0},"end":{"line":7,"column":2}},"2":{"start":{"line":5,"column":4},"end":{"line":5,"column":32}}},"branchMap":{},"code":["/* eslint prefer-template: 0 */","","global.window.URL = {","  createObjectURL: function createObjectURL(arg) {","    return 'data://' + arg.name;","  }","};",""],"l":{"3":2,"5":0}},"/home/travis/build/npmtest/node-npmtest-react-dropzone/node_modules/react-dropzone/wallaby.config.js":{"path":"/home/travis/build/npmtest/node-npmtest-react-dropzone/node_modules/react-dropzone/wallaby.config.js","s":{"1":1,"2":0,"3":0},"b":{},"f":{},"fnMap":{},"statementMap":{"1":{"start":{"line":4,"column":0},"end":{"line":32,"column":3}},"2":{"start":{"line":4,"column":29},"end":{"line":32,"column":1}},"3":{"start":{"line":29,"column":4},"end":{"line":29,"column":68}}},"branchMap":{},"code":["/* eslint global-require: 0 */","/* eslint import/no-extraneous-dependencies: 0 */","","module.exports = wallaby => ({","  files: [","    'package.json',","    'src/*.js',","    'src/**/*.js.snap',","    '!src/*.spec.js'","  ],","","  tests: ['src/*.spec.js'],","","  compilers: {","    'src/*.js': wallaby.compilers.babel()","  },","","  env: {","    type: 'node',","    runner: 'node',","    params: {","      runner: '--harmony_proxies'","    }","  },","","  testFramework: 'jest',","","  setup: () => {","    wallaby.testFramework.configure(require('./package.json').jest);","  }","","});",""],"l":{"4":1,"29":0}},"/home/travis/build/npmtest/node-npmtest-react-dropzone/node_modules/react-dropzone/webpack.config.js":{"path":"/home/travis/build/npmtest/node-npmtest-react-dropzone/node_modules/react-dropzone/webpack.config.js","s":{"1":1,"2":1},"b":{},"f":{},"fnMap":{},"statementMap":{"1":{"start":{"line":4,"column":0},"end":{"line":4,"column":27}},"2":{"start":{"line":6,"column":0},"end":{"line":36,"column":2}}},"branchMap":{},"code":["/* eslint prefer-template: 0 */","/* eslint no-var: 0 */","","var path = require('path');","","module.exports = {","  entry: './src/index.js',","  devtool: 'source-map',","  output: {","    path: path.resolve(__dirname, 'dist'),","    filename: 'index.js',","    libraryTarget: 'umd',","    library: 'Dropzone'","  },","  module: {","    loaders: [","      {","        include: [","          path.resolve(__dirname, 'src'),","          path.resolve(__dirname, 'examples')","        ],","        test: /\\.js$/,","        loader: 'babel-loader'","      }","    ]","  },","  resolve: {","    // Can require('file') instead of require('file.js') etc.","    extensions: ['', '.js', '.json']","  },","  externals: {","    react: 'react',","    'prop-types': 'prop-types'","  },","  plugins: []","};",""],"l":{"4":1,"6":1}}}